2026-01-17 00:01:56,627 INFO o.a.j.u.JMeterUtils: Setting Locale to en_EN
2026-01-17 00:01:56,646 INFO o.a.j.JMeter: Loading user properties from: user.properties
2026-01-17 00:01:56,647 INFO o.a.j.JMeter: Loading system properties from: system.properties
2026-01-17 00:01:56,655 INFO o.a.j.JMeter: Copyright (c) 1998-2024 The Apache Software Foundation
2026-01-17 00:01:56,656 INFO o.a.j.JMeter: Version 5.6.3
2026-01-17 00:01:56,656 INFO o.a.j.JMeter: java.version=1.8.0_191
2026-01-17 00:01:56,656 INFO o.a.j.JMeter: java.vm.name=Java HotSpot(TM) 64-Bit Server VM
2026-01-17 00:01:56,656 INFO o.a.j.JMeter: os.name=Windows 10
2026-01-17 00:01:56,656 INFO o.a.j.JMeter: os.arch=amd64
2026-01-17 00:01:56,656 INFO o.a.j.JMeter: os.version=10.0
2026-01-17 00:01:56,656 INFO o.a.j.JMeter: file.encoding=Cp1252
2026-01-17 00:01:56,657 INFO o.a.j.JMeter: java.awt.headless=null
2026-01-17 00:01:56,658 INFO o.a.j.JMeter: Max memory     =1073741824
2026-01-17 00:01:56,658 INFO o.a.j.JMeter: Available Processors =8
2026-01-17 00:01:56,663 INFO o.a.j.JMeter: Default Locale=English (EN)
2026-01-17 00:01:56,664 INFO o.a.j.JMeter: JMeter  Locale=English (EN)
2026-01-17 00:01:56,664 INFO o.a.j.JMeter: JMeterHome=D:\Intelligj Workspace\apache-jmeter-5.6.3
2026-01-17 00:01:56,664 INFO o.a.j.JMeter: user.dir  =D:\Intelligj Workspace\apache-jmeter-5.6.3\bin
2026-01-17 00:01:56,664 INFO o.a.j.JMeter: PWD       =D:\Intelligj Workspace\apache-jmeter-5.6.3\bin
2026-01-17 00:01:56,668 INFO o.a.j.JMeter: IP: 10.65.50.253 Name: LPT4013 FullName: LPT4013.newgen.co.in
2026-01-17 00:01:56,686 INFO o.a.j.JMeter: Loaded icon properties from org/apache/jmeter/images/icon.properties
2026-01-17 00:01:56,903 INFO o.a.j.JMeterGuiLauncher: Setting LAF to: com.github.weisj.darklaf.DarkLaf:com.github.weisj.darklaf.theme.DarculaTheme
2026-01-17 00:02:06,314 INFO o.a.j.s.FileServer: Default base='D:\Intelligj Workspace\apache-jmeter-5.6.3\bin'
2026-01-17 00:11:14,290 INFO o.a.j.p.h.s.HTTPSamplerBase: Parser for text/html is org.apache.jmeter.protocol.http.parser.LagartoBasedHtmlParser
2026-01-17 00:11:14,291 INFO o.a.j.p.h.s.HTTPSamplerBase: Parser for application/xhtml+xml is org.apache.jmeter.protocol.http.parser.LagartoBasedHtmlParser
2026-01-17 00:11:14,291 INFO o.a.j.p.h.s.HTTPSamplerBase: Parser for application/xml is org.apache.jmeter.protocol.http.parser.LagartoBasedHtmlParser
2026-01-17 00:11:14,291 INFO o.a.j.p.h.s.HTTPSamplerBase: Parser for text/xml is org.apache.jmeter.protocol.http.parser.LagartoBasedHtmlParser
2026-01-17 00:11:14,291 INFO o.a.j.p.h.s.HTTPSamplerBase: Parser for text/vnd.wap.wml is org.apache.jmeter.protocol.http.parser.RegexpHTMLParser
2026-01-17 00:11:14,291 INFO o.a.j.p.h.s.HTTPSamplerBase: Parser for text/css is org.apache.jmeter.protocol.http.parser.CssParser
2026-01-17 00:16:01,122 INFO o.a.j.s.SampleResult: Note: Sample TimeStamps are START times
2026-01-17 00:16:01,123 INFO o.a.j.s.SampleResult: sampleresult.default.encoding is set to UTF-8
2026-01-17 00:16:01,123 INFO o.a.j.s.SampleResult: sampleresult.useNanoTime=true
2026-01-17 00:16:01,123 INFO o.a.j.s.SampleResult: sampleresult.nanoThreadSleep=5000
2026-01-17 00:16:54,243 INFO o.a.j.e.StandardJMeterEngine: Running the test!
2026-01-17 00:16:54,244 INFO o.a.j.s.SampleEvent: List of sample_variables: []
2026-01-17 00:16:54,244 INFO o.a.j.s.SampleEvent: List of sample_variables: []
2026-01-17 00:16:54,245 INFO o.a.j.e.u.CompoundVariable: Note: Function class names must contain the string: '.functions.'
2026-01-17 00:16:54,245 INFO o.a.j.e.u.CompoundVariable: Note: Function class names must not contain the string: '.gui.'
2026-01-17 00:16:54,531 INFO o.a.j.g.u.JMeterMenuBar: setRunning(true, *local*)
2026-01-17 00:16:54,617 INFO o.a.j.e.StandardJMeterEngine: Starting ThreadGroup: 1 : Thread Group
2026-01-17 00:16:54,618 INFO o.a.j.e.StandardJMeterEngine: Starting 25 threads for group Thread Group.
2026-01-17 00:16:54,618 INFO o.a.j.e.StandardJMeterEngine: Thread will continue on error
2026-01-17 00:16:54,618 INFO o.a.j.t.ThreadGroup: Starting thread group... number=1 threads=25 ramp-up=1 delayedStart=false
2026-01-17 00:16:54,650 INFO o.a.j.t.JMeterThread: Thread started: Thread Group 1-1
2026-01-17 00:16:54,677 INFO o.a.j.t.JMeterThread: Thread started: Thread Group 1-2
2026-01-17 00:16:54,680 INFO o.a.j.p.h.s.HTTPHCAbstractImpl: Local host = LPT4013
2026-01-17 00:16:54,689 INFO o.a.j.t.ThreadGroup: Started thread group number 1
2026-01-17 00:16:54,689 INFO o.a.j.e.StandardJMeterEngine: All thread groups have been started
2026-01-17 00:16:54,691 INFO o.a.j.p.h.s.HTTPHC4Impl: HTTP request retry count = 0
2026-01-17 00:16:54,722 INFO o.a.j.t.JMeterThread: Thread started: Thread Group 1-3
2026-01-17 00:16:54,743 INFO o.a.j.t.JMeterThread: Thread started: Thread Group 1-4
2026-01-17 00:16:54,786 INFO o.a.j.t.JMeterThread: Thread started: Thread Group 1-5
2026-01-17 00:16:54,821 INFO o.a.j.t.JMeterThread: Thread started: Thread Group 1-6
2026-01-17 00:16:54,863 INFO o.a.j.t.JMeterThread: Thread started: Thread Group 1-7
2026-01-17 00:16:54,900 INFO o.a.j.t.JMeterThread: Thread started: Thread Group 1-8
2026-01-17 00:16:54,944 INFO o.a.j.t.JMeterThread: Thread started: Thread Group 1-9
2026-01-17 00:16:54,982 INFO o.a.j.t.JMeterThread: Thread started: Thread Group 1-10
2026-01-17 00:16:55,023 INFO o.a.j.t.JMeterThread: Thread started: Thread Group 1-11
2026-01-17 00:16:55,061 INFO o.a.j.t.JMeterThread: Thread started: Thread Group 1-12
2026-01-17 00:16:55,103 INFO o.a.j.t.JMeterThread: Thread started: Thread Group 1-13
2026-01-17 00:16:55,139 INFO o.a.j.t.JMeterThread: Thread started: Thread Group 1-14
2026-01-17 00:16:55,180 INFO o.a.j.t.JMeterThread: Thread started: Thread Group 1-15
2026-01-17 00:16:55,221 INFO o.a.j.t.JMeterThread: Thread started: Thread Group 1-16
2026-01-17 00:16:55,261 INFO o.a.j.t.JMeterThread: Thread started: Thread Group 1-17
2026-01-17 00:16:55,301 INFO o.a.j.t.JMeterThread: Thread started: Thread Group 1-18
2026-01-17 00:16:55,341 INFO o.a.j.t.JMeterThread: Thread started: Thread Group 1-19
2026-01-17 00:16:55,381 INFO o.a.j.t.JMeterThread: Thread started: Thread Group 1-20
2026-01-17 00:16:55,420 INFO o.a.j.t.JMeterThread: Thread started: Thread Group 1-21
2026-01-17 00:16:55,460 INFO o.a.j.t.JMeterThread: Thread started: Thread Group 1-22
2026-01-17 00:16:55,500 INFO o.a.j.t.JMeterThread: Thread started: Thread Group 1-23
2026-01-17 00:16:55,540 INFO o.a.j.t.JMeterThread: Thread started: Thread Group 1-24
2026-01-17 00:16:55,580 INFO o.a.j.t.JMeterThread: Thread started: Thread Group 1-25
2026-01-17 00:16:58,896 INFO o.a.j.t.JMeterThread: Thread is done: Thread Group 1-3
2026-01-17 00:16:58,896 INFO o.a.j.t.JMeterThread: Thread is done: Thread Group 1-2
2026-01-17 00:16:58,896 INFO o.a.j.t.JMeterThread: Thread finished: Thread Group 1-3
2026-01-17 00:16:58,896 INFO o.a.j.t.JMeterThread: Thread finished: Thread Group 1-2
2026-01-17 00:16:58,907 INFO o.a.j.t.JMeterThread: Thread is done: Thread Group 1-1
2026-01-17 00:16:58,907 INFO o.a.j.t.JMeterThread: Thread is done: Thread Group 1-5
2026-01-17 00:16:58,907 INFO o.a.j.t.JMeterThread: Thread finished: Thread Group 1-5
2026-01-17 00:16:58,907 INFO o.a.j.t.JMeterThread: Thread finished: Thread Group 1-1
2026-01-17 00:16:58,907 INFO o.a.j.t.JMeterThread: Thread is done: Thread Group 1-6
2026-01-17 00:16:58,907 INFO o.a.j.t.JMeterThread: Thread is done: Thread Group 1-4
2026-01-17 00:16:58,907 INFO o.a.j.t.JMeterThread: Thread finished: Thread Group 1-6
2026-01-17 00:16:58,907 INFO o.a.j.t.JMeterThread: Thread finished: Thread Group 1-4
2026-01-17 00:16:58,953 INFO o.a.j.t.JMeterThread: Thread is done: Thread Group 1-7
2026-01-17 00:16:58,954 INFO o.a.j.t.JMeterThread: Thread finished: Thread Group 1-7
2026-01-17 00:16:59,001 INFO o.a.j.t.JMeterThread: Thread is done: Thread Group 1-8
2026-01-17 00:16:59,001 INFO o.a.j.t.JMeterThread: Thread finished: Thread Group 1-8
2026-01-17 00:16:59,047 INFO o.a.j.t.JMeterThread: Thread is done: Thread Group 1-9
2026-01-17 00:16:59,047 INFO o.a.j.t.JMeterThread: Thread finished: Thread Group 1-9
2026-01-17 00:16:59,078 INFO o.a.j.t.JMeterThread: Thread is done: Thread Group 1-10
2026-01-17 00:16:59,078 INFO o.a.j.t.JMeterThread: Thread finished: Thread Group 1-10
2026-01-17 00:16:59,125 INFO o.a.j.t.JMeterThread: Thread is done: Thread Group 1-11
2026-01-17 00:16:59,125 INFO o.a.j.t.JMeterThread: Thread finished: Thread Group 1-11
2026-01-17 00:16:59,140 INFO o.a.j.t.JMeterThread: Thread is done: Thread Group 1-12
2026-01-17 00:16:59,141 INFO o.a.j.t.JMeterThread: Thread finished: Thread Group 1-12
2026-01-17 00:16:59,188 INFO o.a.j.t.JMeterThread: Thread is done: Thread Group 1-13
2026-01-17 00:16:59,188 INFO o.a.j.t.JMeterThread: Thread finished: Thread Group 1-13
2026-01-17 00:16:59,215 INFO o.a.j.t.JMeterThread: Thread is done: Thread Group 1-14
2026-01-17 00:16:59,215 INFO o.a.j.t.JMeterThread: Thread finished: Thread Group 1-14
2026-01-17 00:16:59,266 INFO o.a.j.t.JMeterThread: Thread is done: Thread Group 1-15
2026-01-17 00:16:59,267 INFO o.a.j.t.JMeterThread: Thread finished: Thread Group 1-15
2026-01-17 00:16:59,313 INFO o.a.j.t.JMeterThread: Thread is done: Thread Group 1-16
2026-01-17 00:16:59,313 INFO o.a.j.t.JMeterThread: Thread finished: Thread Group 1-16
2026-01-17 00:16:59,345 INFO o.a.j.t.JMeterThread: Thread is done: Thread Group 1-17
2026-01-17 00:16:59,345 INFO o.a.j.t.JMeterThread: Thread finished: Thread Group 1-17
2026-01-17 00:16:59,359 INFO o.a.j.t.JMeterThread: Thread is done: Thread Group 1-18
2026-01-17 00:16:59,360 INFO o.a.j.t.JMeterThread: Thread finished: Thread Group 1-18
2026-01-17 00:16:59,437 INFO o.a.j.t.JMeterThread: Thread is done: Thread Group 1-19
2026-01-17 00:16:59,437 INFO o.a.j.t.JMeterThread: Thread finished: Thread Group 1-19
2026-01-17 00:16:59,485 INFO o.a.j.t.JMeterThread: Thread is done: Thread Group 1-20
2026-01-17 00:16:59,485 INFO o.a.j.t.JMeterThread: Thread finished: Thread Group 1-20
2026-01-17 00:16:59,519 INFO o.a.j.t.JMeterThread: Thread is done: Thread Group 1-21
2026-01-17 00:16:59,519 INFO o.a.j.t.JMeterThread: Thread finished: Thread Group 1-21
2026-01-17 00:16:59,560 INFO o.a.j.t.JMeterThread: Thread is done: Thread Group 1-22
2026-01-17 00:16:59,560 INFO o.a.j.t.JMeterThread: Thread finished: Thread Group 1-22
2026-01-17 00:16:59,576 INFO o.a.j.t.JMeterThread: Thread is done: Thread Group 1-23
2026-01-17 00:16:59,576 INFO o.a.j.t.JMeterThread: Thread finished: Thread Group 1-23
2026-01-17 00:16:59,639 INFO o.a.j.t.JMeterThread: Thread is done: Thread Group 1-24
2026-01-17 00:16:59,639 INFO o.a.j.t.JMeterThread: Thread finished: Thread Group 1-24
2026-01-17 00:16:59,671 INFO o.a.j.t.JMeterThread: Thread is done: Thread Group 1-25
2026-01-17 00:16:59,671 INFO o.a.j.t.JMeterThread: Thread finished: Thread Group 1-25
2026-01-17 00:16:59,672 INFO o.a.j.e.StandardJMeterEngine: Notifying test listeners of end of test
2026-01-17 00:16:59,672 INFO o.a.j.g.u.JMeterMenuBar: setRunning(false, *local*)
2026-01-17 00:18:13,731 INFO o.a.j.s.FileServer: Set new base='D:\Intelligj Workspace\apache-jmeter-5.6.3\bin'
2026-01-17 00:18:13,910 INFO o.a.j.s.SaveService: Testplan (JMX) version: 2.2. Testlog (JTL) version: 2.2
2026-01-17 00:18:13,929 INFO o.a.j.s.SaveService: Using SaveService properties file encoding UTF-8
2026-01-17 00:18:13,930 INFO o.a.j.s.SaveService: Using SaveService properties version 5.0
2026-01-17 00:18:13,961 INFO o.a.j.e.StandardJMeterEngine: Running the test!
2026-01-17 00:18:13,961 INFO o.a.j.s.SampleEvent: List of sample_variables: []
2026-01-17 00:18:13,962 INFO o.a.j.g.u.JMeterMenuBar: setRunning(true, *local*)
2026-01-17 00:18:14,047 INFO o.a.j.e.StandardJMeterEngine: Starting ThreadGroup: 1 : Thread Group
2026-01-17 00:18:14,047 INFO o.a.j.e.StandardJMeterEngine: Starting 25 threads for group Thread Group.
2026-01-17 00:18:14,047 INFO o.a.j.e.StandardJMeterEngine: Thread will continue on error
2026-01-17 00:18:14,047 INFO o.a.j.t.ThreadGroup: Starting thread group... number=1 threads=25 ramp-up=1 delayedStart=false
2026-01-17 00:18:14,049 INFO o.a.j.t.JMeterThread: Thread started: Thread Group 1-1
2026-01-17 00:18:14,074 INFO o.a.j.t.ThreadGroup: Started thread group number 1
2026-01-17 00:18:14,074 INFO o.a.j.e.StandardJMeterEngine: All thread groups have been started
2026-01-17 00:18:14,090 INFO o.a.j.t.JMeterThread: Thread started: Thread Group 1-2
2026-01-17 00:18:14,130 INFO o.a.j.t.JMeterThread: Thread started: Thread Group 1-3
2026-01-17 00:18:14,170 INFO o.a.j.t.JMeterThread: Thread started: Thread Group 1-4
2026-01-17 00:18:14,209 INFO o.a.j.t.JMeterThread: Thread started: Thread Group 1-5
2026-01-17 00:18:14,249 INFO o.a.j.t.JMeterThread: Thread started: Thread Group 1-6
2026-01-17 00:18:14,290 INFO o.a.j.t.JMeterThread: Thread started: Thread Group 1-7
2026-01-17 00:18:14,329 INFO o.a.j.t.JMeterThread: Thread started: Thread Group 1-8
2026-01-17 00:18:14,370 INFO o.a.j.t.JMeterThread: Thread started: Thread Group 1-9
2026-01-17 00:18:14,409 INFO o.a.j.t.JMeterThread: Thread started: Thread Group 1-10
2026-01-17 00:18:14,449 INFO o.a.j.t.JMeterThread: Thread started: Thread Group 1-11
2026-01-17 00:18:14,489 INFO o.a.j.t.JMeterThread: Thread started: Thread Group 1-12
2026-01-17 00:18:14,529 INFO o.a.j.t.JMeterThread: Thread started: Thread Group 1-13
2026-01-17 00:18:14,569 INFO o.a.j.t.JMeterThread: Thread started: Thread Group 1-14
2026-01-17 00:18:14,610 INFO o.a.j.t.JMeterThread: Thread started: Thread Group 1-15
2026-01-17 00:18:14,649 INFO o.a.j.t.JMeterThread: Thread started: Thread Group 1-16
2026-01-17 00:18:14,689 INFO o.a.j.t.JMeterThread: Thread started: Thread Group 1-17
2026-01-17 00:18:14,729 INFO o.a.j.t.JMeterThread: Thread started: Thread Group 1-18
2026-01-17 00:18:14,769 INFO o.a.j.t.JMeterThread: Thread started: Thread Group 1-19
2026-01-17 00:18:14,810 INFO o.a.j.t.JMeterThread: Thread started: Thread Group 1-20
2026-01-17 00:18:14,851 INFO o.a.j.t.JMeterThread: Thread started: Thread Group 1-21
2026-01-17 00:18:14,890 INFO o.a.j.t.JMeterThread: Thread started: Thread Group 1-22
2026-01-17 00:18:14,928 INFO o.a.j.t.JMeterThread: Thread started: Thread Group 1-23
2026-01-17 00:18:14,970 INFO o.a.j.t.JMeterThread: Thread started: Thread Group 1-24
2026-01-17 00:18:15,010 INFO o.a.j.t.JMeterThread: Thread started: Thread Group 1-25
2026-01-17 00:18:18,149 INFO o.a.j.t.JMeterThread: Thread is done: Thread Group 1-1
2026-01-17 00:18:18,150 INFO o.a.j.t.JMeterThread: Thread finished: Thread Group 1-1
2026-01-17 00:18:18,180 INFO o.a.j.t.JMeterThread: Thread is done: Thread Group 1-2
2026-01-17 00:18:18,180 INFO o.a.j.t.JMeterThread: Thread finished: Thread Group 1-2
2026-01-17 00:18:18,227 INFO o.a.j.t.JMeterThread: Thread is done: Thread Group 1-3
2026-01-17 00:18:18,227 INFO o.a.j.t.JMeterThread: Thread finished: Thread Group 1-3
2026-01-17 00:18:18,257 INFO o.a.j.t.JMeterThread: Thread is done: Thread Group 1-4
2026-01-17 00:18:18,258 INFO o.a.j.t.JMeterThread: Thread finished: Thread Group 1-4
2026-01-17 00:18:18,306 INFO o.a.j.t.JMeterThread: Thread is done: Thread Group 1-5
2026-01-17 00:18:18,306 INFO o.a.j.t.JMeterThread: Thread finished: Thread Group 1-5
2026-01-17 00:18:18,335 INFO o.a.j.t.JMeterThread: Thread is done: Thread Group 1-6
2026-01-17 00:18:18,336 INFO o.a.j.t.JMeterThread: Thread finished: Thread Group 1-6
2026-01-17 00:18:18,382 INFO o.a.j.t.JMeterThread: Thread is done: Thread Group 1-7
2026-01-17 00:18:18,382 INFO o.a.j.t.JMeterThread: Thread finished: Thread Group 1-7
2026-01-17 00:18:18,430 INFO o.a.j.t.JMeterThread: Thread is done: Thread Group 1-8
2026-01-17 00:18:18,430 INFO o.a.j.t.JMeterThread: Thread finished: Thread Group 1-8
2026-01-17 00:18:18,477 INFO o.a.j.t.JMeterThread: Thread is done: Thread Group 1-9
2026-01-17 00:18:18,477 INFO o.a.j.t.JMeterThread: Thread finished: Thread Group 1-9
2026-01-17 00:18:18,492 INFO o.a.j.t.JMeterThread: Thread is done: Thread Group 1-10
2026-01-17 00:18:18,492 INFO o.a.j.t.JMeterThread: Thread finished: Thread Group 1-10
2026-01-17 00:18:18,554 INFO o.a.j.t.JMeterThread: Thread is done: Thread Group 1-11
2026-01-17 00:18:18,555 INFO o.a.j.t.JMeterThread: Thread finished: Thread Group 1-11
2026-01-17 00:18:18,602 INFO o.a.j.t.JMeterThread: Thread is done: Thread Group 1-12
2026-01-17 00:18:18,602 INFO o.a.j.t.JMeterThread: Thread finished: Thread Group 1-12
2026-01-17 00:18:18,634 INFO o.a.j.t.JMeterThread: Thread is done: Thread Group 1-13
2026-01-17 00:18:18,634 INFO o.a.j.t.JMeterThread: Thread finished: Thread Group 1-13
2026-01-17 00:18:18,680 INFO o.a.j.t.JMeterThread: Thread is done: Thread Group 1-14
2026-01-17 00:18:18,680 INFO o.a.j.t.JMeterThread: Thread finished: Thread Group 1-14
2026-01-17 00:18:18,710 INFO o.a.j.t.JMeterThread: Thread is done: Thread Group 1-15
2026-01-17 00:18:18,710 INFO o.a.j.t.JMeterThread: Thread finished: Thread Group 1-15
2026-01-17 00:18:18,757 INFO o.a.j.t.JMeterThread: Thread is done: Thread Group 1-16
2026-01-17 00:18:18,757 INFO o.a.j.t.JMeterThread: Thread finished: Thread Group 1-16
2026-01-17 00:18:18,804 INFO o.a.j.t.JMeterThread: Thread is done: Thread Group 1-17
2026-01-17 00:18:18,804 INFO o.a.j.t.JMeterThread: Thread finished: Thread Group 1-17
2026-01-17 00:18:18,836 INFO o.a.j.t.JMeterThread: Thread is done: Thread Group 1-18
2026-01-17 00:18:18,836 INFO o.a.j.t.JMeterThread: Thread finished: Thread Group 1-18
2026-01-17 00:18:18,868 INFO o.a.j.t.JMeterThread: Thread is done: Thread Group 1-19
2026-01-17 00:18:18,868 INFO o.a.j.t.JMeterThread: Thread finished: Thread Group 1-19
2026-01-17 00:18:18,914 INFO o.a.j.t.JMeterThread: Thread is done: Thread Group 1-20
2026-01-17 00:18:18,914 INFO o.a.j.t.JMeterThread: Thread finished: Thread Group 1-20
2026-01-17 00:18:18,945 INFO o.a.j.t.JMeterThread: Thread is done: Thread Group 1-21
2026-01-17 00:18:18,946 INFO o.a.j.t.JMeterThread: Thread finished: Thread Group 1-21
2026-01-17 00:18:18,992 INFO o.a.j.t.JMeterThread: Thread is done: Thread Group 1-22
2026-01-17 00:18:18,992 INFO o.a.j.t.JMeterThread: Thread finished: Thread Group 1-22
2026-01-17 00:18:19,039 INFO o.a.j.t.JMeterThread: Thread is done: Thread Group 1-23
2026-01-17 00:18:19,039 INFO o.a.j.t.JMeterThread: Thread finished: Thread Group 1-23
2026-01-17 00:18:19,085 INFO o.a.j.t.JMeterThread: Thread is done: Thread Group 1-24
2026-01-17 00:18:19,085 INFO o.a.j.t.JMeterThread: Thread finished: Thread Group 1-24
2026-01-17 00:18:19,102 INFO o.a.j.t.JMeterThread: Thread is done: Thread Group 1-25
2026-01-17 00:18:19,102 INFO o.a.j.t.JMeterThread: Thread finished: Thread Group 1-25
2026-01-17 00:18:19,103 INFO o.a.j.e.StandardJMeterEngine: Notifying test listeners of end of test
2026-01-17 00:18:19,103 INFO o.a.j.g.u.JMeterMenuBar: setRunning(false, *local*)
2026-01-17 00:19:05,575 INFO o.a.j.e.StandardJMeterEngine: Running the test!
2026-01-17 00:19:05,576 INFO o.a.j.s.SampleEvent: List of sample_variables: []
2026-01-17 00:19:05,577 INFO o.a.j.g.u.JMeterMenuBar: setRunning(true, *local*)
2026-01-17 00:19:05,648 INFO o.a.j.e.StandardJMeterEngine: Starting ThreadGroup: 1 : Thread Group
2026-01-17 00:19:05,648 INFO o.a.j.e.StandardJMeterEngine: Starting 25 threads for group Thread Group.
2026-01-17 00:19:05,648 INFO o.a.j.e.StandardJMeterEngine: Thread will continue on error
2026-01-17 00:19:05,648 INFO o.a.j.t.ThreadGroup: Starting thread group... number=1 threads=25 ramp-up=1 delayedStart=false
2026-01-17 00:19:05,649 INFO o.a.j.t.JMeterThread: Thread started: Thread Group 1-1
2026-01-17 00:19:05,670 INFO o.a.j.t.ThreadGroup: Started thread group number 1
2026-01-17 00:19:05,670 INFO o.a.j.e.StandardJMeterEngine: All thread groups have been started
2026-01-17 00:19:05,690 INFO o.a.j.t.JMeterThread: Thread started: Thread Group 1-2
2026-01-17 00:19:05,730 INFO o.a.j.t.JMeterThread: Thread started: Thread Group 1-3
2026-01-17 00:19:05,769 INFO o.a.j.t.JMeterThread: Thread started: Thread Group 1-4
2026-01-17 00:19:05,810 INFO o.a.j.t.JMeterThread: Thread started: Thread Group 1-5
2026-01-17 00:19:05,850 INFO o.a.j.t.JMeterThread: Thread started: Thread Group 1-6
2026-01-17 00:19:05,890 INFO o.a.j.t.JMeterThread: Thread started: Thread Group 1-7
2026-01-17 00:19:05,929 INFO o.a.j.t.JMeterThread: Thread started: Thread Group 1-8
2026-01-17 00:19:05,969 INFO o.a.j.t.JMeterThread: Thread started: Thread Group 1-9
2026-01-17 00:19:06,010 INFO o.a.j.t.JMeterThread: Thread started: Thread Group 1-10
2026-01-17 00:19:06,049 INFO o.a.j.t.JMeterThread: Thread started: Thread Group 1-11
2026-01-17 00:19:06,089 INFO o.a.j.t.JMeterThread: Thread started: Thread Group 1-12
2026-01-17 00:19:06,129 INFO o.a.j.t.JMeterThread: Thread started: Thread Group 1-13
2026-01-17 00:19:06,170 INFO o.a.j.t.JMeterThread: Thread started: Thread Group 1-14
2026-01-17 00:19:06,209 INFO o.a.j.t.JMeterThread: Thread started: Thread Group 1-15
2026-01-17 00:19:06,249 INFO o.a.j.t.JMeterThread: Thread started: Thread Group 1-16
2026-01-17 00:19:06,290 INFO o.a.j.t.JMeterThread: Thread started: Thread Group 1-17
2026-01-17 00:19:06,330 INFO o.a.j.t.JMeterThread: Thread started: Thread Group 1-18
2026-01-17 00:19:06,369 INFO o.a.j.t.JMeterThread: Thread started: Thread Group 1-19
2026-01-17 00:19:06,410 INFO o.a.j.t.JMeterThread: Thread started: Thread Group 1-20
2026-01-17 00:19:06,450 INFO o.a.j.t.JMeterThread: Thread started: Thread Group 1-21
2026-01-17 00:19:06,489 INFO o.a.j.t.JMeterThread: Thread started: Thread Group 1-22
2026-01-17 00:19:06,529 INFO o.a.j.t.JMeterThread: Thread started: Thread Group 1-23
2026-01-17 00:19:06,569 INFO o.a.j.t.JMeterThread: Thread started: Thread Group 1-24
2026-01-17 00:19:06,610 INFO o.a.j.t.JMeterThread: Thread started: Thread Group 1-25
2026-01-17 00:19:09,737 INFO o.a.j.t.JMeterThread: Thread is done: Thread Group 1-1
2026-01-17 00:19:09,738 INFO o.a.j.t.JMeterThread: Thread finished: Thread Group 1-1
2026-01-17 00:19:09,784 INFO o.a.j.t.JMeterThread: Thread is done: Thread Group 1-2
2026-01-17 00:19:09,784 INFO o.a.j.t.JMeterThread: Thread finished: Thread Group 1-2
2026-01-17 00:19:09,847 INFO o.a.j.t.JMeterThread: Thread is done: Thread Group 1-3
2026-01-17 00:19:09,847 INFO o.a.j.t.JMeterThread: Thread finished: Thread Group 1-3
2026-01-17 00:19:09,879 INFO o.a.j.t.JMeterThread: Thread is done: Thread Group 1-4
2026-01-17 00:19:09,879 INFO o.a.j.t.JMeterThread: Thread finished: Thread Group 1-4
2026-01-17 00:19:09,925 INFO o.a.j.t.JMeterThread: Thread is done: Thread Group 1-5
2026-01-17 00:19:09,925 INFO o.a.j.t.JMeterThread: Thread finished: Thread Group 1-5
2026-01-17 00:19:09,941 INFO o.a.j.t.JMeterThread: Thread is done: Thread Group 1-6
2026-01-17 00:19:09,950 INFO o.a.j.t.JMeterThread: Thread finished: Thread Group 1-6
2026-01-17 00:19:10,002 INFO o.a.j.t.JMeterThread: Thread is done: Thread Group 1-7
2026-01-17 00:19:10,002 INFO o.a.j.t.JMeterThread: Thread finished: Thread Group 1-7
2026-01-17 00:19:10,048 INFO o.a.j.t.JMeterThread: Thread is done: Thread Group 1-8
2026-01-17 00:19:10,048 INFO o.a.j.t.JMeterThread: Thread finished: Thread Group 1-8
2026-01-17 00:19:10,079 INFO o.a.j.t.JMeterThread: Thread is done: Thread Group 1-9
2026-01-17 00:19:10,079 INFO o.a.j.t.JMeterThread: Thread finished: Thread Group 1-9
2026-01-17 00:19:10,129 INFO o.a.j.t.JMeterThread: Thread is done: Thread Group 1-10
2026-01-17 00:19:10,129 INFO o.a.j.t.JMeterThread: Thread finished: Thread Group 1-10
2026-01-17 00:19:10,158 INFO o.a.j.t.JMeterThread: Thread is done: Thread Group 1-11
2026-01-17 00:19:10,158 INFO o.a.j.t.JMeterThread: Thread finished: Thread Group 1-11
2026-01-17 00:19:10,204 INFO o.a.j.t.JMeterThread: Thread is done: Thread Group 1-12
2026-01-17 00:19:10,204 INFO o.a.j.t.JMeterThread: Thread finished: Thread Group 1-12
2026-01-17 00:19:10,235 INFO o.a.j.t.JMeterThread: Thread is done: Thread Group 1-13
2026-01-17 00:19:10,235 INFO o.a.j.t.JMeterThread: Thread finished: Thread Group 1-13
2026-01-17 00:19:10,265 INFO o.a.j.t.JMeterThread: Thread is done: Thread Group 1-14
2026-01-17 00:19:10,265 INFO o.a.j.t.JMeterThread: Thread finished: Thread Group 1-14
2026-01-17 00:19:10,297 INFO o.a.j.t.JMeterThread: Thread is done: Thread Group 1-15
2026-01-17 00:19:10,297 INFO o.a.j.t.JMeterThread: Thread finished: Thread Group 1-15
2026-01-17 00:19:10,344 INFO o.a.j.t.JMeterThread: Thread is done: Thread Group 1-16
2026-01-17 00:19:10,345 INFO o.a.j.t.JMeterThread: Thread finished: Thread Group 1-16
2026-01-17 00:19:10,406 INFO o.a.j.t.JMeterThread: Thread is done: Thread Group 1-17
2026-01-17 00:19:10,406 INFO o.a.j.t.JMeterThread: Thread finished: Thread Group 1-17
2026-01-17 00:19:10,438 INFO o.a.j.t.JMeterThread: Thread is done: Thread Group 1-18
2026-01-17 00:19:10,438 INFO o.a.j.t.JMeterThread: Thread finished: Thread Group 1-18
2026-01-17 00:19:10,470 INFO o.a.j.t.JMeterThread: Thread is done: Thread Group 1-19
2026-01-17 00:19:10,470 INFO o.a.j.t.JMeterThread: Thread finished: Thread Group 1-19
2026-01-17 00:19:10,519 INFO o.a.j.t.JMeterThread: Thread is done: Thread Group 1-20
2026-01-17 00:19:10,519 INFO o.a.j.t.JMeterThread: Thread finished: Thread Group 1-20
2026-01-17 00:19:10,547 INFO o.a.j.t.JMeterThread: Thread is done: Thread Group 1-21
2026-01-17 00:19:10,547 INFO o.a.j.t.JMeterThread: Thread finished: Thread Group 1-21
2026-01-17 00:19:10,595 INFO o.a.j.t.JMeterThread: Thread is done: Thread Group 1-22
2026-01-17 00:19:10,595 INFO o.a.j.t.JMeterThread: Thread finished: Thread Group 1-22
2026-01-17 00:19:10,651 INFO o.a.j.t.JMeterThread: Thread is done: Thread Group 1-23
2026-01-17 00:19:10,651 INFO o.a.j.t.JMeterThread: Thread finished: Thread Group 1-23
2026-01-17 00:19:10,673 INFO o.a.j.t.JMeterThread: Thread is done: Thread Group 1-24
2026-01-17 00:19:10,673 INFO o.a.j.t.JMeterThread: Thread finished: Thread Group 1-24
2026-01-17 00:19:10,718 INFO o.a.j.t.JMeterThread: Thread is done: Thread Group 1-25
2026-01-17 00:19:10,718 INFO o.a.j.t.JMeterThread: Thread finished: Thread Group 1-25
2026-01-17 00:19:10,721 INFO o.a.j.e.StandardJMeterEngine: Notifying test listeners of end of test
2026-01-17 00:19:10,721 INFO o.a.j.g.u.JMeterMenuBar: setRunning(false, *local*)
2026-01-17 00:19:47,877 INFO o.a.j.e.StandardJMeterEngine: Running the test!
2026-01-17 00:19:47,878 INFO o.a.j.s.SampleEvent: List of sample_variables: []
2026-01-17 00:19:47,878 INFO o.a.j.g.u.JMeterMenuBar: setRunning(true, *local*)
2026-01-17 00:19:47,950 INFO o.a.j.e.StandardJMeterEngine: Starting ThreadGroup: 1 : Thread Group
2026-01-17 00:19:47,950 INFO o.a.j.e.StandardJMeterEngine: Starting 25 threads for group Thread Group.
2026-01-17 00:19:47,951 INFO o.a.j.e.StandardJMeterEngine: Thread will continue on error
2026-01-17 00:19:47,951 INFO o.a.j.t.ThreadGroup: Starting thread group... number=1 threads=25 ramp-up=1 delayedStart=false
2026-01-17 00:19:47,952 INFO o.a.j.t.JMeterThread: Thread started: Thread Group 1-1
2026-01-17 00:19:47,980 INFO o.a.j.t.ThreadGroup: Started thread group number 1
2026-01-17 00:19:47,981 INFO o.a.j.e.StandardJMeterEngine: All thread groups have been started
2026-01-17 00:19:47,993 INFO o.a.j.t.JMeterThread: Thread started: Thread Group 1-2
2026-01-17 00:19:48,032 INFO o.a.j.t.JMeterThread: Thread started: Thread Group 1-3
2026-01-17 00:19:48,074 INFO o.a.j.t.JMeterThread: Thread started: Thread Group 1-4
2026-01-17 00:19:48,113 INFO o.a.j.t.JMeterThread: Thread started: Thread Group 1-5
2026-01-17 00:19:48,153 INFO o.a.j.t.JMeterThread: Thread started: Thread Group 1-6
2026-01-17 00:19:48,194 INFO o.a.j.t.JMeterThread: Thread started: Thread Group 1-7
2026-01-17 00:19:48,194 INFO o.a.j.t.JMeterThread: Thread is done: Thread Group 1-3
2026-01-17 00:19:48,194 INFO o.a.j.t.JMeterThread: Thread is done: Thread Group 1-4
2026-01-17 00:19:48,194 INFO o.a.j.t.JMeterThread: Thread is done: Thread Group 1-6
2026-01-17 00:19:48,194 INFO o.a.j.t.JMeterThread: Thread is done: Thread Group 1-5
2026-01-17 00:19:48,194 INFO o.a.j.t.JMeterThread: Thread finished: Thread Group 1-6
2026-01-17 00:19:48,194 INFO o.a.j.t.JMeterThread: Thread finished: Thread Group 1-4
2026-01-17 00:19:48,194 INFO o.a.j.t.JMeterThread: Thread finished: Thread Group 1-3
2026-01-17 00:19:48,194 INFO o.a.j.t.JMeterThread: Thread finished: Thread Group 1-5
2026-01-17 00:19:48,202 INFO o.a.j.t.JMeterThread: Thread is done: Thread Group 1-7
2026-01-17 00:19:48,202 INFO o.a.j.t.JMeterThread: Thread finished: Thread Group 1-7
2026-01-17 00:19:48,235 INFO o.a.j.t.JMeterThread: Thread started: Thread Group 1-8
2026-01-17 00:19:48,241 INFO o.a.j.t.JMeterThread: Thread is done: Thread Group 1-8
2026-01-17 00:19:48,241 INFO o.a.j.t.JMeterThread: Thread finished: Thread Group 1-8
2026-01-17 00:19:48,275 INFO o.a.j.t.JMeterThread: Thread started: Thread Group 1-9
2026-01-17 00:19:48,282 INFO o.a.j.t.JMeterThread: Thread is done: Thread Group 1-9
2026-01-17 00:19:48,282 INFO o.a.j.t.JMeterThread: Thread finished: Thread Group 1-9
2026-01-17 00:19:48,313 INFO o.a.j.t.JMeterThread: Thread started: Thread Group 1-10
2026-01-17 00:19:48,322 INFO o.a.j.t.JMeterThread: Thread is done: Thread Group 1-10
2026-01-17 00:19:48,322 INFO o.a.j.t.JMeterThread: Thread finished: Thread Group 1-10
2026-01-17 00:19:48,352 INFO o.a.j.t.JMeterThread: Thread started: Thread Group 1-11
2026-01-17 00:19:48,359 INFO o.a.j.t.JMeterThread: Thread is done: Thread Group 1-11
2026-01-17 00:19:48,360 INFO o.a.j.t.JMeterThread: Thread finished: Thread Group 1-11
2026-01-17 00:19:48,394 INFO o.a.j.t.JMeterThread: Thread started: Thread Group 1-12
2026-01-17 00:19:48,401 INFO o.a.j.t.JMeterThread: Thread is done: Thread Group 1-12
2026-01-17 00:19:48,401 INFO o.a.j.t.JMeterThread: Thread finished: Thread Group 1-12
2026-01-17 00:19:48,433 INFO o.a.j.t.JMeterThread: Thread started: Thread Group 1-13
2026-01-17 00:19:48,439 INFO o.a.j.t.JMeterThread: Thread is done: Thread Group 1-13
2026-01-17 00:19:48,439 INFO o.a.j.t.JMeterThread: Thread finished: Thread Group 1-13
2026-01-17 00:19:48,473 INFO o.a.j.t.JMeterThread: Thread started: Thread Group 1-14
2026-01-17 00:19:48,486 INFO o.a.j.t.JMeterThread: Thread is done: Thread Group 1-14
2026-01-17 00:19:48,486 INFO o.a.j.t.JMeterThread: Thread finished: Thread Group 1-14
2026-01-17 00:19:48,506 INFO o.a.j.t.JMeterThread: Thread is done: Thread Group 1-1
2026-01-17 00:19:48,506 INFO o.a.j.t.JMeterThread: Thread is done: Thread Group 1-2
2026-01-17 00:19:48,506 INFO o.a.j.t.JMeterThread: Thread finished: Thread Group 1-1
2026-01-17 00:19:48,506 INFO o.a.j.t.JMeterThread: Thread finished: Thread Group 1-2
2026-01-17 00:19:48,513 INFO o.a.j.t.JMeterThread: Thread started: Thread Group 1-15
2026-01-17 00:19:48,530 INFO o.a.j.t.JMeterThread: Thread is done: Thread Group 1-15
2026-01-17 00:19:48,530 INFO o.a.j.t.JMeterThread: Thread finished: Thread Group 1-15
2026-01-17 00:19:48,553 INFO o.a.j.t.JMeterThread: Thread started: Thread Group 1-16
2026-01-17 00:19:48,558 INFO o.a.j.t.JMeterThread: Thread is done: Thread Group 1-16
2026-01-17 00:19:48,558 INFO o.a.j.t.JMeterThread: Thread finished: Thread Group 1-16
2026-01-17 00:19:48,592 INFO o.a.j.t.JMeterThread: Thread started: Thread Group 1-17
2026-01-17 00:19:48,598 INFO o.a.j.t.JMeterThread: Thread is done: Thread Group 1-17
2026-01-17 00:19:48,598 INFO o.a.j.t.JMeterThread: Thread finished: Thread Group 1-17
2026-01-17 00:19:48,634 INFO o.a.j.t.JMeterThread: Thread started: Thread Group 1-18
2026-01-17 00:19:48,641 INFO o.a.j.t.JMeterThread: Thread is done: Thread Group 1-18
2026-01-17 00:19:48,641 INFO o.a.j.t.JMeterThread: Thread finished: Thread Group 1-18
2026-01-17 00:19:48,673 INFO o.a.j.t.JMeterThread: Thread started: Thread Group 1-19
2026-01-17 00:19:48,680 INFO o.a.j.t.JMeterThread: Thread is done: Thread Group 1-19
2026-01-17 00:19:48,681 INFO o.a.j.t.JMeterThread: Thread finished: Thread Group 1-19
2026-01-17 00:19:48,713 INFO o.a.j.t.JMeterThread: Thread started: Thread Group 1-20
2026-01-17 00:19:48,721 INFO o.a.j.t.JMeterThread: Thread is done: Thread Group 1-20
2026-01-17 00:19:48,721 INFO o.a.j.t.JMeterThread: Thread finished: Thread Group 1-20
2026-01-17 00:19:48,753 INFO o.a.j.t.JMeterThread: Thread started: Thread Group 1-21
2026-01-17 00:19:48,758 INFO o.a.j.t.JMeterThread: Thread is done: Thread Group 1-21
2026-01-17 00:19:48,758 INFO o.a.j.t.JMeterThread: Thread finished: Thread Group 1-21
2026-01-17 00:19:48,794 INFO o.a.j.t.JMeterThread: Thread started: Thread Group 1-22
2026-01-17 00:19:48,800 INFO o.a.j.t.JMeterThread: Thread is done: Thread Group 1-22
2026-01-17 00:19:48,800 INFO o.a.j.t.JMeterThread: Thread finished: Thread Group 1-22
2026-01-17 00:19:48,832 INFO o.a.j.t.JMeterThread: Thread started: Thread Group 1-23
2026-01-17 00:19:48,839 INFO o.a.j.t.JMeterThread: Thread is done: Thread Group 1-23
2026-01-17 00:19:48,839 INFO o.a.j.t.JMeterThread: Thread finished: Thread Group 1-23
2026-01-17 00:19:48,873 INFO o.a.j.t.JMeterThread: Thread started: Thread Group 1-24
2026-01-17 00:19:48,883 INFO o.a.j.t.JMeterThread: Thread is done: Thread Group 1-24
2026-01-17 00:19:48,883 INFO o.a.j.t.JMeterThread: Thread finished: Thread Group 1-24
2026-01-17 00:19:48,913 INFO o.a.j.t.JMeterThread: Thread started: Thread Group 1-25
2026-01-17 00:19:48,922 INFO o.a.j.t.JMeterThread: Thread is done: Thread Group 1-25
2026-01-17 00:19:48,922 INFO o.a.j.t.JMeterThread: Thread finished: Thread Group 1-25
2026-01-17 00:19:48,923 INFO o.a.j.e.StandardJMeterEngine: Notifying test listeners of end of test
2026-01-17 00:19:48,923 INFO o.a.j.g.u.JMeterMenuBar: setRunning(false, *local*)
2026-01-17 00:20:06,888 INFO o.a.j.e.StandardJMeterEngine: Running the test!
2026-01-17 00:20:06,888 INFO o.a.j.s.SampleEvent: List of sample_variables: []
2026-01-17 00:20:06,889 INFO o.a.j.g.u.JMeterMenuBar: setRunning(true, *local*)
2026-01-17 00:20:06,953 INFO o.a.j.e.StandardJMeterEngine: Starting ThreadGroup: 1 : Thread Group
2026-01-17 00:20:06,953 INFO o.a.j.e.StandardJMeterEngine: Starting 25 threads for group Thread Group.
2026-01-17 00:20:06,953 INFO o.a.j.e.StandardJMeterEngine: Thread will continue on error
2026-01-17 00:20:06,953 INFO o.a.j.t.ThreadGroup: Starting thread group... number=1 threads=25 ramp-up=1 delayedStart=false
2026-01-17 00:20:06,955 INFO o.a.j.t.JMeterThread: Thread started: Thread Group 1-1
2026-01-17 00:20:06,979 INFO o.a.j.t.ThreadGroup: Started thread group number 1
2026-01-17 00:20:06,979 INFO o.a.j.e.StandardJMeterEngine: All thread groups have been started
2026-01-17 00:20:06,995 INFO o.a.j.t.JMeterThread: Thread started: Thread Group 1-2
2026-01-17 00:20:07,004 INFO o.a.j.t.JMeterThread: Thread is done: Thread Group 1-1
2026-01-17 00:20:07,005 INFO o.a.j.t.JMeterThread: Thread finished: Thread Group 1-1
2026-01-17 00:20:07,028 INFO o.a.j.t.JMeterThread: Thread is done: Thread Group 1-2
2026-01-17 00:20:07,028 INFO o.a.j.t.JMeterThread: Thread finished: Thread Group 1-2
2026-01-17 00:20:07,034 INFO o.a.j.t.JMeterThread: Thread started: Thread Group 1-3
2026-01-17 00:20:07,039 INFO o.a.j.t.JMeterThread: Thread is done: Thread Group 1-3
2026-01-17 00:20:07,039 INFO o.a.j.t.JMeterThread: Thread finished: Thread Group 1-3
2026-01-17 00:20:07,075 INFO o.a.j.t.JMeterThread: Thread started: Thread Group 1-4
2026-01-17 00:20:07,083 INFO o.a.j.t.JMeterThread: Thread is done: Thread Group 1-4
2026-01-17 00:20:07,083 INFO o.a.j.t.JMeterThread: Thread finished: Thread Group 1-4
2026-01-17 00:20:07,115 INFO o.a.j.t.JMeterThread: Thread started: Thread Group 1-5
2026-01-17 00:20:07,124 INFO o.a.j.t.JMeterThread: Thread is done: Thread Group 1-5
2026-01-17 00:20:07,124 INFO o.a.j.t.JMeterThread: Thread finished: Thread Group 1-5
2026-01-17 00:20:07,154 INFO o.a.j.t.JMeterThread: Thread started: Thread Group 1-6
2026-01-17 00:20:07,161 INFO o.a.j.t.JMeterThread: Thread is done: Thread Group 1-6
2026-01-17 00:20:07,161 INFO o.a.j.t.JMeterThread: Thread finished: Thread Group 1-6
2026-01-17 00:20:07,195 INFO o.a.j.t.JMeterThread: Thread started: Thread Group 1-7
2026-01-17 00:20:07,203 INFO o.a.j.t.JMeterThread: Thread is done: Thread Group 1-7
2026-01-17 00:20:07,203 INFO o.a.j.t.JMeterThread: Thread finished: Thread Group 1-7
2026-01-17 00:20:07,236 INFO o.a.j.t.JMeterThread: Thread started: Thread Group 1-8
2026-01-17 00:20:07,246 INFO o.a.j.t.JMeterThread: Thread is done: Thread Group 1-8
2026-01-17 00:20:07,246 INFO o.a.j.t.JMeterThread: Thread finished: Thread Group 1-8
2026-01-17 00:20:07,275 INFO o.a.j.t.JMeterThread: Thread started: Thread Group 1-9
2026-01-17 00:20:07,282 INFO o.a.j.t.JMeterThread: Thread is done: Thread Group 1-9
2026-01-17 00:20:07,283 INFO o.a.j.t.JMeterThread: Thread finished: Thread Group 1-9
2026-01-17 00:20:07,315 INFO o.a.j.t.JMeterThread: Thread started: Thread Group 1-10
2026-01-17 00:20:07,322 INFO o.a.j.t.JMeterThread: Thread is done: Thread Group 1-10
2026-01-17 00:20:07,322 INFO o.a.j.t.JMeterThread: Thread finished: Thread Group 1-10
2026-01-17 00:20:07,355 INFO o.a.j.t.JMeterThread: Thread started: Thread Group 1-11
2026-01-17 00:20:07,363 INFO o.a.j.t.JMeterThread: Thread is done: Thread Group 1-11
2026-01-17 00:20:07,363 INFO o.a.j.t.JMeterThread: Thread finished: Thread Group 1-11
2026-01-17 00:20:07,394 INFO o.a.j.t.JMeterThread: Thread started: Thread Group 1-12
2026-01-17 00:20:07,404 INFO o.a.j.t.JMeterThread: Thread is done: Thread Group 1-12
2026-01-17 00:20:07,404 INFO o.a.j.t.JMeterThread: Thread finished: Thread Group 1-12
2026-01-17 00:20:07,436 INFO o.a.j.t.JMeterThread: Thread started: Thread Group 1-13
2026-01-17 00:20:07,442 INFO o.a.j.t.JMeterThread: Thread is done: Thread Group 1-13
2026-01-17 00:20:07,442 INFO o.a.j.t.JMeterThread: Thread finished: Thread Group 1-13
2026-01-17 00:20:07,474 INFO o.a.j.t.JMeterThread: Thread started: Thread Group 1-14
2026-01-17 00:20:07,479 INFO o.a.j.t.JMeterThread: Thread is done: Thread Group 1-14
2026-01-17 00:20:07,479 INFO o.a.j.t.JMeterThread: Thread finished: Thread Group 1-14
2026-01-17 00:20:07,515 INFO o.a.j.t.JMeterThread: Thread started: Thread Group 1-15
2026-01-17 00:20:07,520 INFO o.a.j.t.JMeterThread: Thread is done: Thread Group 1-15
2026-01-17 00:20:07,520 INFO o.a.j.t.JMeterThread: Thread finished: Thread Group 1-15
2026-01-17 00:20:07,555 INFO o.a.j.t.JMeterThread: Thread started: Thread Group 1-16
2026-01-17 00:20:07,561 INFO o.a.j.t.JMeterThread: Thread is done: Thread Group 1-16
2026-01-17 00:20:07,561 INFO o.a.j.t.JMeterThread: Thread finished: Thread Group 1-16
2026-01-17 00:20:07,595 INFO o.a.j.t.JMeterThread: Thread started: Thread Group 1-17
2026-01-17 00:20:07,601 INFO o.a.j.t.JMeterThread: Thread is done: Thread Group 1-17
2026-01-17 00:20:07,601 INFO o.a.j.t.JMeterThread: Thread finished: Thread Group 1-17
2026-01-17 00:20:07,634 INFO o.a.j.t.JMeterThread: Thread started: Thread Group 1-18
2026-01-17 00:20:07,640 INFO o.a.j.t.JMeterThread: Thread is done: Thread Group 1-18
2026-01-17 00:20:07,640 INFO o.a.j.t.JMeterThread: Thread finished: Thread Group 1-18
2026-01-17 00:20:07,675 INFO o.a.j.t.JMeterThread: Thread started: Thread Group 1-19
2026-01-17 00:20:07,681 INFO o.a.j.t.JMeterThread: Thread is done: Thread Group 1-19
2026-01-17 00:20:07,681 INFO o.a.j.t.JMeterThread: Thread finished: Thread Group 1-19
2026-01-17 00:20:07,714 INFO o.a.j.t.JMeterThread: Thread started: Thread Group 1-20
2026-01-17 00:20:07,719 INFO o.a.j.t.JMeterThread: Thread is done: Thread Group 1-20
2026-01-17 00:20:07,719 INFO o.a.j.t.JMeterThread: Thread finished: Thread Group 1-20
2026-01-17 00:20:07,755 INFO o.a.j.t.JMeterThread: Thread started: Thread Group 1-21
2026-01-17 00:20:07,760 INFO o.a.j.t.JMeterThread: Thread is done: Thread Group 1-21
2026-01-17 00:20:07,760 INFO o.a.j.t.JMeterThread: Thread finished: Thread Group 1-21
2026-01-17 00:20:07,794 INFO o.a.j.t.JMeterThread: Thread started: Thread Group 1-22
2026-01-17 00:20:07,799 INFO o.a.j.t.JMeterThread: Thread is done: Thread Group 1-22
2026-01-17 00:20:07,799 INFO o.a.j.t.JMeterThread: Thread finished: Thread Group 1-22
2026-01-17 00:20:07,833 INFO o.a.j.t.JMeterThread: Thread started: Thread Group 1-23
2026-01-17 00:20:07,840 INFO o.a.j.t.JMeterThread: Thread is done: Thread Group 1-23
2026-01-17 00:20:07,841 INFO o.a.j.t.JMeterThread: Thread finished: Thread Group 1-23
2026-01-17 00:20:07,875 INFO o.a.j.t.JMeterThread: Thread started: Thread Group 1-24
2026-01-17 00:20:07,882 INFO o.a.j.t.JMeterThread: Thread is done: Thread Group 1-24
2026-01-17 00:20:07,882 INFO o.a.j.t.JMeterThread: Thread finished: Thread Group 1-24
2026-01-17 00:20:07,914 INFO o.a.j.t.JMeterThread: Thread started: Thread Group 1-25
2026-01-17 00:20:07,920 INFO o.a.j.t.JMeterThread: Thread is done: Thread Group 1-25
2026-01-17 00:20:07,920 INFO o.a.j.t.JMeterThread: Thread finished: Thread Group 1-25
2026-01-17 00:20:07,920 INFO o.a.j.e.StandardJMeterEngine: Notifying test listeners of end of test
2026-01-17 00:20:07,920 INFO o.a.j.g.u.JMeterMenuBar: setRunning(false, *local*)
2026-01-17 00:21:11,550 INFO o.a.j.e.StandardJMeterEngine: Running the test!
2026-01-17 00:21:11,550 INFO o.a.j.s.SampleEvent: List of sample_variables: []
2026-01-17 00:21:11,550 INFO o.a.j.g.u.JMeterMenuBar: setRunning(true, *local*)
2026-01-17 00:21:11,620 INFO o.a.j.e.StandardJMeterEngine: Starting ThreadGroup: 1 : Thread Group
2026-01-17 00:21:11,622 INFO o.a.j.e.StandardJMeterEngine: Starting 25 threads for group Thread Group.
2026-01-17 00:21:11,622 INFO o.a.j.e.StandardJMeterEngine: Thread will continue on error
2026-01-17 00:21:11,622 INFO o.a.j.t.ThreadGroup: Starting thread group... number=1 threads=25 ramp-up=1 delayedStart=false
2026-01-17 00:21:11,623 INFO o.a.j.t.JMeterThread: Thread started: Thread Group 1-1
2026-01-17 00:21:11,650 INFO o.a.j.t.ThreadGroup: Started thread group number 1
2026-01-17 00:21:11,651 INFO o.a.j.e.StandardJMeterEngine: All thread groups have been started
2026-01-17 00:21:11,660 INFO o.a.j.t.JMeterThread: Thread is done: Thread Group 1-1
2026-01-17 00:21:11,660 INFO o.a.j.t.JMeterThread: Thread finished: Thread Group 1-1
2026-01-17 00:21:11,663 INFO o.a.j.t.JMeterThread: Thread started: Thread Group 1-2
2026-01-17 00:21:11,695 INFO o.a.j.t.JMeterThread: Thread is done: Thread Group 1-2
2026-01-17 00:21:11,695 INFO o.a.j.t.JMeterThread: Thread finished: Thread Group 1-2
2026-01-17 00:21:11,704 INFO o.a.j.t.JMeterThread: Thread started: Thread Group 1-3
2026-01-17 00:21:11,710 INFO o.a.j.t.JMeterThread: Thread is done: Thread Group 1-3
2026-01-17 00:21:11,710 INFO o.a.j.t.JMeterThread: Thread finished: Thread Group 1-3
2026-01-17 00:21:11,743 INFO o.a.j.t.JMeterThread: Thread started: Thread Group 1-4
2026-01-17 00:21:11,748 INFO o.a.j.t.JMeterThread: Thread is done: Thread Group 1-4
2026-01-17 00:21:11,748 INFO o.a.j.t.JMeterThread: Thread finished: Thread Group 1-4
2026-01-17 00:21:11,784 INFO o.a.j.t.JMeterThread: Thread started: Thread Group 1-5
2026-01-17 00:21:11,790 INFO o.a.j.t.JMeterThread: Thread is done: Thread Group 1-5
2026-01-17 00:21:11,790 INFO o.a.j.t.JMeterThread: Thread finished: Thread Group 1-5
2026-01-17 00:21:11,824 INFO o.a.j.t.JMeterThread: Thread started: Thread Group 1-6
2026-01-17 00:21:11,830 INFO o.a.j.t.JMeterThread: Thread is done: Thread Group 1-6
2026-01-17 00:21:11,830 INFO o.a.j.t.JMeterThread: Thread finished: Thread Group 1-6
2026-01-17 00:21:11,864 INFO o.a.j.t.JMeterThread: Thread started: Thread Group 1-7
2026-01-17 00:21:11,870 INFO o.a.j.t.JMeterThread: Thread is done: Thread Group 1-7
2026-01-17 00:21:11,870 INFO o.a.j.t.JMeterThread: Thread finished: Thread Group 1-7
2026-01-17 00:21:11,904 INFO o.a.j.t.JMeterThread: Thread started: Thread Group 1-8
2026-01-17 00:21:11,908 INFO o.a.j.t.JMeterThread: Thread is done: Thread Group 1-8
2026-01-17 00:21:11,908 INFO o.a.j.t.JMeterThread: Thread finished: Thread Group 1-8
2026-01-17 00:21:11,944 INFO o.a.j.t.JMeterThread: Thread started: Thread Group 1-9
2026-01-17 00:21:11,949 INFO o.a.j.t.JMeterThread: Thread is done: Thread Group 1-9
2026-01-17 00:21:11,949 INFO o.a.j.t.JMeterThread: Thread finished: Thread Group 1-9
2026-01-17 00:21:11,985 INFO o.a.j.t.JMeterThread: Thread started: Thread Group 1-10
2026-01-17 00:21:11,991 INFO o.a.j.t.JMeterThread: Thread is done: Thread Group 1-10
2026-01-17 00:21:11,991 INFO o.a.j.t.JMeterThread: Thread finished: Thread Group 1-10
2026-01-17 00:21:12,024 INFO o.a.j.t.JMeterThread: Thread started: Thread Group 1-11
2026-01-17 00:21:12,032 INFO o.a.j.t.JMeterThread: Thread is done: Thread Group 1-11
2026-01-17 00:21:12,032 INFO o.a.j.t.JMeterThread: Thread finished: Thread Group 1-11
2026-01-17 00:21:12,065 INFO o.a.j.t.JMeterThread: Thread started: Thread Group 1-12
2026-01-17 00:21:12,072 INFO o.a.j.t.JMeterThread: Thread is done: Thread Group 1-12
2026-01-17 00:21:12,072 INFO o.a.j.t.JMeterThread: Thread finished: Thread Group 1-12
2026-01-17 00:21:12,104 INFO o.a.j.t.JMeterThread: Thread started: Thread Group 1-13
2026-01-17 00:21:12,112 INFO o.a.j.t.JMeterThread: Thread is done: Thread Group 1-13
2026-01-17 00:21:12,112 INFO o.a.j.t.JMeterThread: Thread finished: Thread Group 1-13
2026-01-17 00:21:12,144 INFO o.a.j.t.JMeterThread: Thread started: Thread Group 1-14
2026-01-17 00:21:12,153 INFO o.a.j.t.JMeterThread: Thread is done: Thread Group 1-14
2026-01-17 00:21:12,153 INFO o.a.j.t.JMeterThread: Thread finished: Thread Group 1-14
2026-01-17 00:21:12,183 INFO o.a.j.t.JMeterThread: Thread started: Thread Group 1-15
2026-01-17 00:21:12,188 INFO o.a.j.t.JMeterThread: Thread is done: Thread Group 1-15
2026-01-17 00:21:12,189 INFO o.a.j.t.JMeterThread: Thread finished: Thread Group 1-15
2026-01-17 00:21:12,224 INFO o.a.j.t.JMeterThread: Thread started: Thread Group 1-16
2026-01-17 00:21:12,231 INFO o.a.j.t.JMeterThread: Thread is done: Thread Group 1-16
2026-01-17 00:21:12,232 INFO o.a.j.t.JMeterThread: Thread finished: Thread Group 1-16
2026-01-17 00:21:12,264 INFO o.a.j.t.JMeterThread: Thread started: Thread Group 1-17
2026-01-17 00:21:12,271 INFO o.a.j.t.JMeterThread: Thread is done: Thread Group 1-17
2026-01-17 00:21:12,271 INFO o.a.j.t.JMeterThread: Thread finished: Thread Group 1-17
2026-01-17 00:21:12,304 INFO o.a.j.t.JMeterThread: Thread started: Thread Group 1-18
2026-01-17 00:21:12,309 INFO o.a.j.t.JMeterThread: Thread is done: Thread Group 1-18
2026-01-17 00:21:12,309 INFO o.a.j.t.JMeterThread: Thread finished: Thread Group 1-18
2026-01-17 00:21:12,343 INFO o.a.j.t.JMeterThread: Thread started: Thread Group 1-19
2026-01-17 00:21:12,352 INFO o.a.j.t.JMeterThread: Thread is done: Thread Group 1-19
2026-01-17 00:21:12,352 INFO o.a.j.t.JMeterThread: Thread finished: Thread Group 1-19
2026-01-17 00:21:12,384 INFO o.a.j.t.JMeterThread: Thread started: Thread Group 1-20
2026-01-17 00:21:12,391 INFO o.a.j.t.JMeterThread: Thread is done: Thread Group 1-20
2026-01-17 00:21:12,391 INFO o.a.j.t.JMeterThread: Thread finished: Thread Group 1-20
2026-01-17 00:21:12,424 INFO o.a.j.t.JMeterThread: Thread started: Thread Group 1-21
2026-01-17 00:21:12,431 INFO o.a.j.t.JMeterThread: Thread is done: Thread Group 1-21
2026-01-17 00:21:12,431 INFO o.a.j.t.JMeterThread: Thread finished: Thread Group 1-21
2026-01-17 00:21:12,464 INFO o.a.j.t.JMeterThread: Thread started: Thread Group 1-22
2026-01-17 00:21:12,472 INFO o.a.j.t.JMeterThread: Thread is done: Thread Group 1-22
2026-01-17 00:21:12,472 INFO o.a.j.t.JMeterThread: Thread finished: Thread Group 1-22
2026-01-17 00:21:12,505 INFO o.a.j.t.JMeterThread: Thread started: Thread Group 1-23
2026-01-17 00:21:12,511 INFO o.a.j.t.JMeterThread: Thread is done: Thread Group 1-23
2026-01-17 00:21:12,511 INFO o.a.j.t.JMeterThread: Thread finished: Thread Group 1-23
2026-01-17 00:21:12,544 INFO o.a.j.t.JMeterThread: Thread started: Thread Group 1-24
2026-01-17 00:21:12,550 INFO o.a.j.t.JMeterThread: Thread is done: Thread Group 1-24
2026-01-17 00:21:12,550 INFO o.a.j.t.JMeterThread: Thread finished: Thread Group 1-24
2026-01-17 00:21:12,584 INFO o.a.j.t.JMeterThread: Thread started: Thread Group 1-25
2026-01-17 00:21:12,592 INFO o.a.j.t.JMeterThread: Thread is done: Thread Group 1-25
2026-01-17 00:21:12,592 INFO o.a.j.t.JMeterThread: Thread finished: Thread Group 1-25
2026-01-17 00:21:12,592 INFO o.a.j.e.StandardJMeterEngine: Notifying test listeners of end of test
2026-01-17 00:21:12,593 INFO o.a.j.g.u.JMeterMenuBar: setRunning(false, *local*)
2026-01-17 00:21:44,588 INFO o.a.j.e.StandardJMeterEngine: Running the test!
2026-01-17 00:21:44,588 INFO o.a.j.s.SampleEvent: List of sample_variables: []
2026-01-17 00:21:44,589 INFO o.a.j.g.u.JMeterMenuBar: setRunning(true, *local*)
2026-01-17 00:21:44,657 INFO o.a.j.e.StandardJMeterEngine: Starting ThreadGroup: 1 : Thread Group
2026-01-17 00:21:44,657 INFO o.a.j.e.StandardJMeterEngine: Starting 25 threads for group Thread Group.
2026-01-17 00:21:44,657 INFO o.a.j.e.StandardJMeterEngine: Thread will continue on error
2026-01-17 00:21:44,657 INFO o.a.j.t.ThreadGroup: Starting thread group... number=1 threads=25 ramp-up=1 delayedStart=false
2026-01-17 00:21:44,659 INFO o.a.j.t.JMeterThread: Thread started: Thread Group 1-1
2026-01-17 00:21:44,683 INFO o.a.j.t.ThreadGroup: Started thread group number 1
2026-01-17 00:21:44,683 INFO o.a.j.e.StandardJMeterEngine: All thread groups have been started
2026-01-17 00:21:44,697 INFO o.a.j.t.JMeterThread: Thread is done: Thread Group 1-1
2026-01-17 00:21:44,697 INFO o.a.j.t.JMeterThread: Thread finished: Thread Group 1-1
2026-01-17 00:21:44,699 INFO o.a.j.t.JMeterThread: Thread started: Thread Group 1-2
2026-01-17 00:21:44,733 INFO o.a.j.t.JMeterThread: Thread is done: Thread Group 1-2
2026-01-17 00:21:44,733 INFO o.a.j.t.JMeterThread: Thread finished: Thread Group 1-2
2026-01-17 00:21:44,738 INFO o.a.j.t.JMeterThread: Thread started: Thread Group 1-3
2026-01-17 00:21:44,742 INFO o.a.j.t.JMeterThread: Thread is done: Thread Group 1-3
2026-01-17 00:21:44,743 INFO o.a.j.t.JMeterThread: Thread finished: Thread Group 1-3
2026-01-17 00:21:44,780 INFO o.a.j.t.JMeterThread: Thread started: Thread Group 1-4
2026-01-17 00:21:44,785 INFO o.a.j.t.JMeterThread: Thread is done: Thread Group 1-4
2026-01-17 00:21:44,785 INFO o.a.j.t.JMeterThread: Thread finished: Thread Group 1-4
2026-01-17 00:21:44,820 INFO o.a.j.t.JMeterThread: Thread started: Thread Group 1-5
2026-01-17 00:21:44,827 INFO o.a.j.t.JMeterThread: Thread is done: Thread Group 1-5
2026-01-17 00:21:44,827 INFO o.a.j.t.JMeterThread: Thread finished: Thread Group 1-5
2026-01-17 00:21:44,859 INFO o.a.j.t.JMeterThread: Thread started: Thread Group 1-6
2026-01-17 00:21:44,866 INFO o.a.j.t.JMeterThread: Thread is done: Thread Group 1-6
2026-01-17 00:21:44,866 INFO o.a.j.t.JMeterThread: Thread finished: Thread Group 1-6
2026-01-17 00:21:44,899 INFO o.a.j.t.JMeterThread: Thread started: Thread Group 1-7
2026-01-17 00:21:44,905 INFO o.a.j.t.JMeterThread: Thread is done: Thread Group 1-7
2026-01-17 00:21:44,906 INFO o.a.j.t.JMeterThread: Thread finished: Thread Group 1-7
2026-01-17 00:21:44,939 INFO o.a.j.t.JMeterThread: Thread started: Thread Group 1-8
2026-01-17 00:21:44,944 INFO o.a.j.t.JMeterThread: Thread is done: Thread Group 1-8
2026-01-17 00:21:44,944 INFO o.a.j.t.JMeterThread: Thread finished: Thread Group 1-8
2026-01-17 00:21:44,979 INFO o.a.j.t.JMeterThread: Thread started: Thread Group 1-9
2026-01-17 00:21:44,983 INFO o.a.j.t.JMeterThread: Thread is done: Thread Group 1-9
2026-01-17 00:21:44,984 INFO o.a.j.t.JMeterThread: Thread finished: Thread Group 1-9
2026-01-17 00:21:45,019 INFO o.a.j.t.JMeterThread: Thread started: Thread Group 1-10
2026-01-17 00:21:45,024 INFO o.a.j.t.JMeterThread: Thread is done: Thread Group 1-10
2026-01-17 00:21:45,024 INFO o.a.j.t.JMeterThread: Thread finished: Thread Group 1-10
2026-01-17 00:21:45,060 INFO o.a.j.t.JMeterThread: Thread started: Thread Group 1-11
2026-01-17 00:21:45,066 INFO o.a.j.t.JMeterThread: Thread is done: Thread Group 1-11
2026-01-17 00:21:45,066 INFO o.a.j.t.JMeterThread: Thread finished: Thread Group 1-11
2026-01-17 00:21:45,100 INFO o.a.j.t.JMeterThread: Thread started: Thread Group 1-12
2026-01-17 00:21:45,106 INFO o.a.j.t.JMeterThread: Thread is done: Thread Group 1-12
2026-01-17 00:21:45,106 INFO o.a.j.t.JMeterThread: Thread finished: Thread Group 1-12
2026-01-17 00:21:45,139 INFO o.a.j.t.JMeterThread: Thread started: Thread Group 1-13
2026-01-17 00:21:45,144 INFO o.a.j.t.JMeterThread: Thread is done: Thread Group 1-13
2026-01-17 00:21:45,145 INFO o.a.j.t.JMeterThread: Thread finished: Thread Group 1-13
2026-01-17 00:21:45,179 INFO o.a.j.t.JMeterThread: Thread started: Thread Group 1-14
2026-01-17 00:21:45,183 INFO o.a.j.t.JMeterThread: Thread is done: Thread Group 1-14
2026-01-17 00:21:45,183 INFO o.a.j.t.JMeterThread: Thread finished: Thread Group 1-14
2026-01-17 00:21:45,219 INFO o.a.j.t.JMeterThread: Thread started: Thread Group 1-15
2026-01-17 00:21:45,226 INFO o.a.j.t.JMeterThread: Thread is done: Thread Group 1-15
2026-01-17 00:21:45,227 INFO o.a.j.t.JMeterThread: Thread finished: Thread Group 1-15
2026-01-17 00:21:45,259 INFO o.a.j.t.JMeterThread: Thread started: Thread Group 1-16
2026-01-17 00:21:45,266 INFO o.a.j.t.JMeterThread: Thread is done: Thread Group 1-16
2026-01-17 00:21:45,266 INFO o.a.j.t.JMeterThread: Thread finished: Thread Group 1-16
2026-01-17 00:21:45,299 INFO o.a.j.t.JMeterThread: Thread started: Thread Group 1-17
2026-01-17 00:21:45,305 INFO o.a.j.t.JMeterThread: Thread is done: Thread Group 1-17
2026-01-17 00:21:45,305 INFO o.a.j.t.JMeterThread: Thread finished: Thread Group 1-17
2026-01-17 00:21:45,339 INFO o.a.j.t.JMeterThread: Thread started: Thread Group 1-18
2026-01-17 00:21:45,346 INFO o.a.j.t.JMeterThread: Thread is done: Thread Group 1-18
2026-01-17 00:21:45,346 INFO o.a.j.t.JMeterThread: Thread finished: Thread Group 1-18
2026-01-17 00:21:45,379 INFO o.a.j.t.JMeterThread: Thread started: Thread Group 1-19
2026-01-17 00:21:45,385 INFO o.a.j.t.JMeterThread: Thread is done: Thread Group 1-19
2026-01-17 00:21:45,385 INFO o.a.j.t.JMeterThread: Thread finished: Thread Group 1-19
2026-01-17 00:21:45,420 INFO o.a.j.t.JMeterThread: Thread started: Thread Group 1-20
2026-01-17 00:21:45,424 INFO o.a.j.t.JMeterThread: Thread is done: Thread Group 1-20
2026-01-17 00:21:45,424 INFO o.a.j.t.JMeterThread: Thread finished: Thread Group 1-20
2026-01-17 00:21:45,459 INFO o.a.j.t.JMeterThread: Thread started: Thread Group 1-21
2026-01-17 00:21:45,465 INFO o.a.j.t.JMeterThread: Thread is done: Thread Group 1-21
2026-01-17 00:21:45,465 INFO o.a.j.t.JMeterThread: Thread finished: Thread Group 1-21
2026-01-17 00:21:45,499 INFO o.a.j.t.JMeterThread: Thread started: Thread Group 1-22
2026-01-17 00:21:45,503 INFO o.a.j.t.JMeterThread: Thread is done: Thread Group 1-22
2026-01-17 00:21:45,503 INFO o.a.j.t.JMeterThread: Thread finished: Thread Group 1-22
2026-01-17 00:21:45,540 INFO o.a.j.t.JMeterThread: Thread started: Thread Group 1-23
2026-01-17 00:21:45,545 INFO o.a.j.t.JMeterThread: Thread is done: Thread Group 1-23
2026-01-17 00:21:45,546 INFO o.a.j.t.JMeterThread: Thread finished: Thread Group 1-23
2026-01-17 00:21:45,579 INFO o.a.j.t.JMeterThread: Thread started: Thread Group 1-24
2026-01-17 00:21:45,584 INFO o.a.j.t.JMeterThread: Thread is done: Thread Group 1-24
2026-01-17 00:21:45,584 INFO o.a.j.t.JMeterThread: Thread finished: Thread Group 1-24
2026-01-17 00:21:45,619 INFO o.a.j.t.JMeterThread: Thread started: Thread Group 1-25
2026-01-17 00:21:45,623 INFO o.a.j.t.JMeterThread: Thread is done: Thread Group 1-25
2026-01-17 00:21:45,623 INFO o.a.j.t.JMeterThread: Thread finished: Thread Group 1-25
2026-01-17 00:21:45,624 INFO o.a.j.e.StandardJMeterEngine: Notifying test listeners of end of test
2026-01-17 00:21:45,624 INFO o.a.j.g.u.JMeterMenuBar: setRunning(false, *local*)
2026-01-17 00:22:08,800 INFO o.a.j.e.StandardJMeterEngine: Running the test!
2026-01-17 00:22:08,800 INFO o.a.j.s.SampleEvent: List of sample_variables: []
2026-01-17 00:22:08,801 INFO o.a.j.g.u.JMeterMenuBar: setRunning(true, *local*)
2026-01-17 00:22:08,866 INFO o.a.j.e.StandardJMeterEngine: Starting ThreadGroup: 1 : Thread Group
2026-01-17 00:22:08,866 INFO o.a.j.e.StandardJMeterEngine: Starting 25 threads for group Thread Group.
2026-01-17 00:22:08,866 INFO o.a.j.e.StandardJMeterEngine: Thread will continue on error
2026-01-17 00:22:08,866 INFO o.a.j.t.ThreadGroup: Starting thread group... number=1 threads=25 ramp-up=1 delayedStart=false
2026-01-17 00:22:08,869 INFO o.a.j.t.JMeterThread: Thread started: Thread Group 1-1
2026-01-17 00:22:08,891 INFO o.a.j.t.ThreadGroup: Started thread group number 1
2026-01-17 00:22:08,892 INFO o.a.j.e.StandardJMeterEngine: All thread groups have been started
2026-01-17 00:22:08,900 INFO o.a.j.t.JMeterThread: Thread is done: Thread Group 1-1
2026-01-17 00:22:08,900 INFO o.a.j.t.JMeterThread: Thread finished: Thread Group 1-1
2026-01-17 00:22:08,908 INFO o.a.j.t.JMeterThread: Thread started: Thread Group 1-2
2026-01-17 00:22:08,949 INFO o.a.j.t.JMeterThread: Thread is done: Thread Group 1-2
2026-01-17 00:22:08,949 INFO o.a.j.t.JMeterThread: Thread finished: Thread Group 1-2
2026-01-17 00:22:08,949 INFO o.a.j.t.JMeterThread: Thread started: Thread Group 1-3
2026-01-17 00:22:08,955 INFO o.a.j.t.JMeterThread: Thread is done: Thread Group 1-3
2026-01-17 00:22:08,955 INFO o.a.j.t.JMeterThread: Thread finished: Thread Group 1-3
2026-01-17 00:22:08,988 INFO o.a.j.t.JMeterThread: Thread started: Thread Group 1-4
2026-01-17 00:22:08,993 INFO o.a.j.t.JMeterThread: Thread is done: Thread Group 1-4
2026-01-17 00:22:08,993 INFO o.a.j.t.JMeterThread: Thread finished: Thread Group 1-4
2026-01-17 00:22:09,028 INFO o.a.j.t.JMeterThread: Thread started: Thread Group 1-5
2026-01-17 00:22:09,033 INFO o.a.j.t.JMeterThread: Thread is done: Thread Group 1-5
2026-01-17 00:22:09,034 INFO o.a.j.t.JMeterThread: Thread finished: Thread Group 1-5
2026-01-17 00:22:09,067 INFO o.a.j.t.JMeterThread: Thread started: Thread Group 1-6
2026-01-17 00:22:09,072 INFO o.a.j.t.JMeterThread: Thread is done: Thread Group 1-6
2026-01-17 00:22:09,073 INFO o.a.j.t.JMeterThread: Thread finished: Thread Group 1-6
2026-01-17 00:22:09,107 INFO o.a.j.t.JMeterThread: Thread started: Thread Group 1-7
2026-01-17 00:22:09,111 INFO o.a.j.t.JMeterThread: Thread is done: Thread Group 1-7
2026-01-17 00:22:09,111 INFO o.a.j.t.JMeterThread: Thread finished: Thread Group 1-7
2026-01-17 00:22:09,147 INFO o.a.j.t.JMeterThread: Thread started: Thread Group 1-8
2026-01-17 00:22:09,152 INFO o.a.j.t.JMeterThread: Thread is done: Thread Group 1-8
2026-01-17 00:22:09,152 INFO o.a.j.t.JMeterThread: Thread finished: Thread Group 1-8
2026-01-17 00:22:09,187 INFO o.a.j.t.JMeterThread: Thread started: Thread Group 1-9
2026-01-17 00:22:09,192 INFO o.a.j.t.JMeterThread: Thread is done: Thread Group 1-9
2026-01-17 00:22:09,192 INFO o.a.j.t.JMeterThread: Thread finished: Thread Group 1-9
2026-01-17 00:22:09,231 INFO o.a.j.t.JMeterThread: Thread started: Thread Group 1-10
2026-01-17 00:22:09,239 INFO o.a.j.t.JMeterThread: Thread is done: Thread Group 1-10
2026-01-17 00:22:09,239 INFO o.a.j.t.JMeterThread: Thread finished: Thread Group 1-10
2026-01-17 00:22:09,267 INFO o.a.j.t.JMeterThread: Thread started: Thread Group 1-11
2026-01-17 00:22:09,275 INFO o.a.j.t.JMeterThread: Thread is done: Thread Group 1-11
2026-01-17 00:22:09,275 INFO o.a.j.t.JMeterThread: Thread finished: Thread Group 1-11
2026-01-17 00:22:09,307 INFO o.a.j.t.JMeterThread: Thread started: Thread Group 1-12
2026-01-17 00:22:09,315 INFO o.a.j.t.JMeterThread: Thread is done: Thread Group 1-12
2026-01-17 00:22:09,315 INFO o.a.j.t.JMeterThread: Thread finished: Thread Group 1-12
2026-01-17 00:22:09,347 INFO o.a.j.t.JMeterThread: Thread started: Thread Group 1-13
2026-01-17 00:22:09,354 INFO o.a.j.t.JMeterThread: Thread is done: Thread Group 1-13
2026-01-17 00:22:09,354 INFO o.a.j.t.JMeterThread: Thread finished: Thread Group 1-13
2026-01-17 00:22:09,387 INFO o.a.j.t.JMeterThread: Thread started: Thread Group 1-14
2026-01-17 00:22:09,392 INFO o.a.j.t.JMeterThread: Thread is done: Thread Group 1-14
2026-01-17 00:22:09,393 INFO o.a.j.t.JMeterThread: Thread finished: Thread Group 1-14
2026-01-17 00:22:09,428 INFO o.a.j.t.JMeterThread: Thread started: Thread Group 1-15
2026-01-17 00:22:09,436 INFO o.a.j.t.JMeterThread: Thread is done: Thread Group 1-15
2026-01-17 00:22:09,436 INFO o.a.j.t.JMeterThread: Thread finished: Thread Group 1-15
2026-01-17 00:22:09,468 INFO o.a.j.t.JMeterThread: Thread started: Thread Group 1-16
2026-01-17 00:22:09,475 INFO o.a.j.t.JMeterThread: Thread is done: Thread Group 1-16
2026-01-17 00:22:09,475 INFO o.a.j.t.JMeterThread: Thread finished: Thread Group 1-16
2026-01-17 00:22:09,508 INFO o.a.j.t.JMeterThread: Thread started: Thread Group 1-17
2026-01-17 00:22:09,513 INFO o.a.j.t.JMeterThread: Thread is done: Thread Group 1-17
2026-01-17 00:22:09,513 INFO o.a.j.t.JMeterThread: Thread finished: Thread Group 1-17
2026-01-17 00:22:09,548 INFO o.a.j.t.JMeterThread: Thread started: Thread Group 1-18
2026-01-17 00:22:09,555 INFO o.a.j.t.JMeterThread: Thread is done: Thread Group 1-18
2026-01-17 00:22:09,555 INFO o.a.j.t.JMeterThread: Thread finished: Thread Group 1-18
2026-01-17 00:22:09,588 INFO o.a.j.t.JMeterThread: Thread started: Thread Group 1-19
2026-01-17 00:22:09,595 INFO o.a.j.t.JMeterThread: Thread is done: Thread Group 1-19
2026-01-17 00:22:09,595 INFO o.a.j.t.JMeterThread: Thread finished: Thread Group 1-19
2026-01-17 00:22:09,628 INFO o.a.j.t.JMeterThread: Thread started: Thread Group 1-20
2026-01-17 00:22:09,635 INFO o.a.j.t.JMeterThread: Thread is done: Thread Group 1-20
2026-01-17 00:22:09,635 INFO o.a.j.t.JMeterThread: Thread finished: Thread Group 1-20
2026-01-17 00:22:09,667 INFO o.a.j.t.JMeterThread: Thread started: Thread Group 1-21
2026-01-17 00:22:09,674 INFO o.a.j.t.JMeterThread: Thread is done: Thread Group 1-21
2026-01-17 00:22:09,674 INFO o.a.j.t.JMeterThread: Thread finished: Thread Group 1-21
2026-01-17 00:22:09,708 INFO o.a.j.t.JMeterThread: Thread started: Thread Group 1-22
2026-01-17 00:22:09,714 INFO o.a.j.t.JMeterThread: Thread is done: Thread Group 1-22
2026-01-17 00:22:09,714 INFO o.a.j.t.JMeterThread: Thread finished: Thread Group 1-22
2026-01-17 00:22:09,747 INFO o.a.j.t.JMeterThread: Thread started: Thread Group 1-23
2026-01-17 00:22:09,752 INFO o.a.j.t.JMeterThread: Thread is done: Thread Group 1-23
2026-01-17 00:22:09,752 INFO o.a.j.t.JMeterThread: Thread finished: Thread Group 1-23
2026-01-17 00:22:09,787 INFO o.a.j.t.JMeterThread: Thread started: Thread Group 1-24
2026-01-17 00:22:09,794 INFO o.a.j.t.JMeterThread: Thread is done: Thread Group 1-24
2026-01-17 00:22:09,795 INFO o.a.j.t.JMeterThread: Thread finished: Thread Group 1-24
2026-01-17 00:22:09,828 INFO o.a.j.t.JMeterThread: Thread started: Thread Group 1-25
2026-01-17 00:22:09,833 INFO o.a.j.t.JMeterThread: Thread is done: Thread Group 1-25
2026-01-17 00:22:09,833 INFO o.a.j.t.JMeterThread: Thread finished: Thread Group 1-25
2026-01-17 00:22:09,833 INFO o.a.j.e.StandardJMeterEngine: Notifying test listeners of end of test
2026-01-17 00:22:09,833 INFO o.a.j.g.u.JMeterMenuBar: setRunning(false, *local*)
2026-01-17 00:22:40,912 INFO o.a.j.e.StandardJMeterEngine: Running the test!
2026-01-17 00:22:40,912 INFO o.a.j.s.SampleEvent: List of sample_variables: []
2026-01-17 00:22:40,912 INFO o.a.j.g.u.JMeterMenuBar: setRunning(true, *local*)
2026-01-17 00:22:40,921 INFO o.a.j.e.StandardJMeterEngine: Starting ThreadGroup: 1 : Thread Group
2026-01-17 00:22:40,921 INFO o.a.j.e.StandardJMeterEngine: Starting 25 threads for group Thread Group.
2026-01-17 00:22:40,921 INFO o.a.j.e.StandardJMeterEngine: Thread will continue on error
2026-01-17 00:22:40,921 INFO o.a.j.t.ThreadGroup: Starting thread group... number=1 threads=25 ramp-up=1 delayedStart=false
2026-01-17 00:22:40,923 INFO o.a.j.t.JMeterThread: Thread started: Thread Group 1-1
2026-01-17 00:22:40,955 INFO o.a.j.t.ThreadGroup: Started thread group number 1
2026-01-17 00:22:40,955 INFO o.a.j.e.StandardJMeterEngine: All thread groups have been started
2026-01-17 00:22:40,961 INFO o.a.j.t.JMeterThread: Thread is done: Thread Group 1-1
2026-01-17 00:22:40,961 INFO o.a.j.t.JMeterThread: Thread finished: Thread Group 1-1
2026-01-17 00:22:40,963 INFO o.a.j.t.JMeterThread: Thread started: Thread Group 1-2
2026-01-17 00:22:40,992 INFO o.a.j.t.JMeterThread: Thread is done: Thread Group 1-2
2026-01-17 00:22:40,992 INFO o.a.j.t.JMeterThread: Thread finished: Thread Group 1-2
2026-01-17 00:22:41,004 INFO o.a.j.t.JMeterThread: Thread started: Thread Group 1-3
2026-01-17 00:22:41,008 INFO o.a.j.t.JMeterThread: Thread is done: Thread Group 1-3
2026-01-17 00:22:41,008 INFO o.a.j.t.JMeterThread: Thread finished: Thread Group 1-3
2026-01-17 00:22:41,044 INFO o.a.j.t.JMeterThread: Thread started: Thread Group 1-4
2026-01-17 00:22:41,048 INFO o.a.j.t.JMeterThread: Thread is done: Thread Group 1-4
2026-01-17 00:22:41,048 INFO o.a.j.t.JMeterThread: Thread finished: Thread Group 1-4
2026-01-17 00:22:41,084 INFO o.a.j.t.JMeterThread: Thread started: Thread Group 1-5
2026-01-17 00:22:41,091 INFO o.a.j.t.JMeterThread: Thread is done: Thread Group 1-5
2026-01-17 00:22:41,091 INFO o.a.j.t.JMeterThread: Thread finished: Thread Group 1-5
2026-01-17 00:22:41,124 INFO o.a.j.t.JMeterThread: Thread started: Thread Group 1-6
2026-01-17 00:22:41,130 INFO o.a.j.t.JMeterThread: Thread is done: Thread Group 1-6
2026-01-17 00:22:41,130 INFO o.a.j.t.JMeterThread: Thread finished: Thread Group 1-6
2026-01-17 00:22:41,165 INFO o.a.j.t.JMeterThread: Thread started: Thread Group 1-7
2026-01-17 00:22:41,169 INFO o.a.j.t.JMeterThread: Thread is done: Thread Group 1-7
2026-01-17 00:22:41,169 INFO o.a.j.t.JMeterThread: Thread finished: Thread Group 1-7
2026-01-17 00:22:41,204 INFO o.a.j.t.JMeterThread: Thread started: Thread Group 1-8
2026-01-17 00:22:41,208 INFO o.a.j.t.JMeterThread: Thread is done: Thread Group 1-8
2026-01-17 00:22:41,208 INFO o.a.j.t.JMeterThread: Thread finished: Thread Group 1-8
2026-01-17 00:22:41,244 INFO o.a.j.t.JMeterThread: Thread started: Thread Group 1-9
2026-01-17 00:22:41,249 INFO o.a.j.t.JMeterThread: Thread is done: Thread Group 1-9
2026-01-17 00:22:41,249 INFO o.a.j.t.JMeterThread: Thread finished: Thread Group 1-9
2026-01-17 00:22:41,284 INFO o.a.j.t.JMeterThread: Thread started: Thread Group 1-10
2026-01-17 00:22:41,288 INFO o.a.j.t.JMeterThread: Thread is done: Thread Group 1-10
2026-01-17 00:22:41,288 INFO o.a.j.t.JMeterThread: Thread finished: Thread Group 1-10
2026-01-17 00:22:41,324 INFO o.a.j.t.JMeterThread: Thread started: Thread Group 1-11
2026-01-17 00:22:41,331 INFO o.a.j.t.JMeterThread: Thread is done: Thread Group 1-11
2026-01-17 00:22:41,331 INFO o.a.j.t.JMeterThread: Thread finished: Thread Group 1-11
2026-01-17 00:22:41,363 INFO o.a.j.t.JMeterThread: Thread started: Thread Group 1-12
2026-01-17 00:22:41,370 INFO o.a.j.t.JMeterThread: Thread is done: Thread Group 1-12
2026-01-17 00:22:41,370 INFO o.a.j.t.JMeterThread: Thread finished: Thread Group 1-12
2026-01-17 00:22:41,402 INFO o.a.j.t.JMeterThread: Thread started: Thread Group 1-13
2026-01-17 00:22:41,408 INFO o.a.j.t.JMeterThread: Thread is done: Thread Group 1-13
2026-01-17 00:22:41,408 INFO o.a.j.t.JMeterThread: Thread finished: Thread Group 1-13
2026-01-17 00:22:41,443 INFO o.a.j.t.JMeterThread: Thread started: Thread Group 1-14
2026-01-17 00:22:41,450 INFO o.a.j.t.JMeterThread: Thread is done: Thread Group 1-14
2026-01-17 00:22:41,450 INFO o.a.j.t.JMeterThread: Thread finished: Thread Group 1-14
2026-01-17 00:22:41,482 INFO o.a.j.t.JMeterThread: Thread started: Thread Group 1-15
2026-01-17 00:22:41,489 INFO o.a.j.t.JMeterThread: Thread is done: Thread Group 1-15
2026-01-17 00:22:41,489 INFO o.a.j.t.JMeterThread: Thread finished: Thread Group 1-15
2026-01-17 00:22:41,523 INFO o.a.j.t.JMeterThread: Thread started: Thread Group 1-16
2026-01-17 00:22:41,530 INFO o.a.j.t.JMeterThread: Thread is done: Thread Group 1-16
2026-01-17 00:22:41,530 INFO o.a.j.t.JMeterThread: Thread finished: Thread Group 1-16
2026-01-17 00:22:41,563 INFO o.a.j.t.JMeterThread: Thread started: Thread Group 1-17
2026-01-17 00:22:41,570 INFO o.a.j.t.JMeterThread: Thread is done: Thread Group 1-17
2026-01-17 00:22:41,570 INFO o.a.j.t.JMeterThread: Thread finished: Thread Group 1-17
2026-01-17 00:22:41,603 INFO o.a.j.t.JMeterThread: Thread started: Thread Group 1-18
2026-01-17 00:22:41,610 INFO o.a.j.t.JMeterThread: Thread is done: Thread Group 1-18
2026-01-17 00:22:41,610 INFO o.a.j.t.JMeterThread: Thread finished: Thread Group 1-18
2026-01-17 00:22:41,642 INFO o.a.j.t.JMeterThread: Thread started: Thread Group 1-19
2026-01-17 00:22:41,648 INFO o.a.j.t.JMeterThread: Thread is done: Thread Group 1-19
2026-01-17 00:22:41,648 INFO o.a.j.t.JMeterThread: Thread finished: Thread Group 1-19
2026-01-17 00:22:41,684 INFO o.a.j.t.JMeterThread: Thread started: Thread Group 1-20
2026-01-17 00:22:41,689 INFO o.a.j.t.JMeterThread: Thread is done: Thread Group 1-20
2026-01-17 00:22:41,689 INFO o.a.j.t.JMeterThread: Thread finished: Thread Group 1-20
2026-01-17 00:22:41,724 INFO o.a.j.t.JMeterThread: Thread started: Thread Group 1-21
2026-01-17 00:22:41,728 INFO o.a.j.t.JMeterThread: Thread is done: Thread Group 1-21
2026-01-17 00:22:41,728 INFO o.a.j.t.JMeterThread: Thread finished: Thread Group 1-21
2026-01-17 00:22:41,763 INFO o.a.j.t.JMeterThread: Thread started: Thread Group 1-22
2026-01-17 00:22:41,769 INFO o.a.j.t.JMeterThread: Thread is done: Thread Group 1-22
2026-01-17 00:22:41,769 INFO o.a.j.t.JMeterThread: Thread finished: Thread Group 1-22
2026-01-17 00:22:41,803 INFO o.a.j.t.JMeterThread: Thread started: Thread Group 1-23
2026-01-17 00:22:41,807 INFO o.a.j.t.JMeterThread: Thread is done: Thread Group 1-23
2026-01-17 00:22:41,807 INFO o.a.j.t.JMeterThread: Thread finished: Thread Group 1-23
2026-01-17 00:22:41,842 INFO o.a.j.t.JMeterThread: Thread started: Thread Group 1-24
2026-01-17 00:22:41,849 INFO o.a.j.t.JMeterThread: Thread is done: Thread Group 1-24
2026-01-17 00:22:41,849 INFO o.a.j.t.JMeterThread: Thread finished: Thread Group 1-24
2026-01-17 00:22:41,882 INFO o.a.j.t.JMeterThread: Thread started: Thread Group 1-25
2026-01-17 00:22:41,888 INFO o.a.j.t.JMeterThread: Thread is done: Thread Group 1-25
2026-01-17 00:22:41,889 INFO o.a.j.t.JMeterThread: Thread finished: Thread Group 1-25
2026-01-17 00:22:41,889 INFO o.a.j.e.StandardJMeterEngine: Notifying test listeners of end of test
2026-01-17 00:22:41,889 INFO o.a.j.g.u.JMeterMenuBar: setRunning(false, *local*)
2026-01-17 00:22:59,790 INFO o.a.j.e.StandardJMeterEngine: Running the test!
2026-01-17 00:22:59,790 INFO o.a.j.s.SampleEvent: List of sample_variables: []
2026-01-17 00:22:59,790 INFO o.a.j.g.u.JMeterMenuBar: setRunning(true, *local*)
2026-01-17 00:22:59,854 INFO o.a.j.e.StandardJMeterEngine: Starting ThreadGroup: 1 : Thread Group
2026-01-17 00:22:59,854 INFO o.a.j.e.StandardJMeterEngine: Starting 25 threads for group Thread Group.
2026-01-17 00:22:59,854 INFO o.a.j.e.StandardJMeterEngine: Thread will continue on error
2026-01-17 00:22:59,854 INFO o.a.j.t.ThreadGroup: Starting thread group... number=1 threads=25 ramp-up=1 delayedStart=false
2026-01-17 00:22:59,856 INFO o.a.j.t.JMeterThread: Thread started: Thread Group 1-1
2026-01-17 00:22:59,880 INFO o.a.j.t.ThreadGroup: Started thread group number 1
2026-01-17 00:22:59,881 INFO o.a.j.e.StandardJMeterEngine: All thread groups have been started
2026-01-17 00:22:59,889 INFO o.a.j.t.JMeterThread: Thread is done: Thread Group 1-1
2026-01-17 00:22:59,889 INFO o.a.j.t.JMeterThread: Thread finished: Thread Group 1-1
2026-01-17 00:22:59,896 INFO o.a.j.t.JMeterThread: Thread started: Thread Group 1-2
2026-01-17 00:22:59,925 INFO o.a.j.t.JMeterThread: Thread is done: Thread Group 1-2
2026-01-17 00:22:59,925 INFO o.a.j.t.JMeterThread: Thread finished: Thread Group 1-2
2026-01-17 00:22:59,936 INFO o.a.j.t.JMeterThread: Thread started: Thread Group 1-3
2026-01-17 00:22:59,939 INFO o.a.j.t.JMeterThread: Thread is done: Thread Group 1-3
2026-01-17 00:22:59,939 INFO o.a.j.t.JMeterThread: Thread finished: Thread Group 1-3
2026-01-17 00:22:59,976 INFO o.a.j.t.JMeterThread: Thread started: Thread Group 1-4
2026-01-17 00:22:59,983 INFO o.a.j.t.JMeterThread: Thread is done: Thread Group 1-4
2026-01-17 00:22:59,983 INFO o.a.j.t.JMeterThread: Thread finished: Thread Group 1-4
2026-01-17 00:23:00,014 INFO o.a.j.t.JMeterThread: Thread started: Thread Group 1-5
2026-01-17 00:23:00,021 INFO o.a.j.t.JMeterThread: Thread is done: Thread Group 1-5
2026-01-17 00:23:00,021 INFO o.a.j.t.JMeterThread: Thread finished: Thread Group 1-5
2026-01-17 00:23:00,056 INFO o.a.j.t.JMeterThread: Thread started: Thread Group 1-6
2026-01-17 00:23:00,060 INFO o.a.j.t.JMeterThread: Thread is done: Thread Group 1-6
2026-01-17 00:23:00,060 INFO o.a.j.t.JMeterThread: Thread finished: Thread Group 1-6
2026-01-17 00:23:00,094 INFO o.a.j.t.JMeterThread: Thread started: Thread Group 1-7
2026-01-17 00:23:00,101 INFO o.a.j.t.JMeterThread: Thread is done: Thread Group 1-7
2026-01-17 00:23:00,101 INFO o.a.j.t.JMeterThread: Thread finished: Thread Group 1-7
2026-01-17 00:23:00,135 INFO o.a.j.t.JMeterThread: Thread started: Thread Group 1-8
2026-01-17 00:23:00,141 INFO o.a.j.t.JMeterThread: Thread is done: Thread Group 1-8
2026-01-17 00:23:00,141 INFO o.a.j.t.JMeterThread: Thread finished: Thread Group 1-8
2026-01-17 00:23:00,176 INFO o.a.j.t.JMeterThread: Thread started: Thread Group 1-9
2026-01-17 00:23:00,183 INFO o.a.j.t.JMeterThread: Thread is done: Thread Group 1-9
2026-01-17 00:23:00,183 INFO o.a.j.t.JMeterThread: Thread finished: Thread Group 1-9
2026-01-17 00:23:00,216 INFO o.a.j.t.JMeterThread: Thread started: Thread Group 1-10
2026-01-17 00:23:00,223 INFO o.a.j.t.JMeterThread: Thread is done: Thread Group 1-10
2026-01-17 00:23:00,223 INFO o.a.j.t.JMeterThread: Thread finished: Thread Group 1-10
2026-01-17 00:23:00,256 INFO o.a.j.t.JMeterThread: Thread started: Thread Group 1-11
2026-01-17 00:23:00,263 INFO o.a.j.t.JMeterThread: Thread is done: Thread Group 1-11
2026-01-17 00:23:00,263 INFO o.a.j.t.JMeterThread: Thread finished: Thread Group 1-11
2026-01-17 00:23:00,298 INFO o.a.j.t.JMeterThread: Thread started: Thread Group 1-12
2026-01-17 00:23:00,304 INFO o.a.j.t.JMeterThread: Thread is done: Thread Group 1-12
2026-01-17 00:23:00,304 INFO o.a.j.t.JMeterThread: Thread finished: Thread Group 1-12
2026-01-17 00:23:00,337 INFO o.a.j.t.JMeterThread: Thread started: Thread Group 1-13
2026-01-17 00:23:00,342 INFO o.a.j.t.JMeterThread: Thread is done: Thread Group 1-13
2026-01-17 00:23:00,342 INFO o.a.j.t.JMeterThread: Thread finished: Thread Group 1-13
2026-01-17 00:23:00,377 INFO o.a.j.t.JMeterThread: Thread started: Thread Group 1-14
2026-01-17 00:23:00,384 INFO o.a.j.t.JMeterThread: Thread is done: Thread Group 1-14
2026-01-17 00:23:00,385 INFO o.a.j.t.JMeterThread: Thread finished: Thread Group 1-14
2026-01-17 00:23:00,416 INFO o.a.j.t.JMeterThread: Thread started: Thread Group 1-15
2026-01-17 00:23:00,423 INFO o.a.j.t.JMeterThread: Thread is done: Thread Group 1-15
2026-01-17 00:23:00,423 INFO o.a.j.t.JMeterThread: Thread finished: Thread Group 1-15
2026-01-17 00:23:00,457 INFO o.a.j.t.JMeterThread: Thread started: Thread Group 1-16
2026-01-17 00:23:00,464 INFO o.a.j.t.JMeterThread: Thread is done: Thread Group 1-16
2026-01-17 00:23:00,464 INFO o.a.j.t.JMeterThread: Thread finished: Thread Group 1-16
2026-01-17 00:23:00,496 INFO o.a.j.t.JMeterThread: Thread started: Thread Group 1-17
2026-01-17 00:23:00,501 INFO o.a.j.t.JMeterThread: Thread is done: Thread Group 1-17
2026-01-17 00:23:00,502 INFO o.a.j.t.JMeterThread: Thread finished: Thread Group 1-17
2026-01-17 00:23:00,537 INFO o.a.j.t.JMeterThread: Thread started: Thread Group 1-18
2026-01-17 00:23:00,545 INFO o.a.j.t.JMeterThread: Thread is done: Thread Group 1-18
2026-01-17 00:23:00,545 INFO o.a.j.t.JMeterThread: Thread finished: Thread Group 1-18
2026-01-17 00:23:00,575 INFO o.a.j.t.JMeterThread: Thread started: Thread Group 1-19
2026-01-17 00:23:00,579 INFO o.a.j.t.JMeterThread: Thread is done: Thread Group 1-19
2026-01-17 00:23:00,579 INFO o.a.j.t.JMeterThread: Thread finished: Thread Group 1-19
2026-01-17 00:23:00,615 INFO o.a.j.t.JMeterThread: Thread started: Thread Group 1-20
2026-01-17 00:23:00,621 INFO o.a.j.t.JMeterThread: Thread is done: Thread Group 1-20
2026-01-17 00:23:00,621 INFO o.a.j.t.JMeterThread: Thread finished: Thread Group 1-20
2026-01-17 00:23:00,656 INFO o.a.j.t.JMeterThread: Thread started: Thread Group 1-21
2026-01-17 00:23:00,662 INFO o.a.j.t.JMeterThread: Thread is done: Thread Group 1-21
2026-01-17 00:23:00,662 INFO o.a.j.t.JMeterThread: Thread finished: Thread Group 1-21
2026-01-17 00:23:00,695 INFO o.a.j.t.JMeterThread: Thread started: Thread Group 1-22
2026-01-17 00:23:00,702 INFO o.a.j.t.JMeterThread: Thread is done: Thread Group 1-22
2026-01-17 00:23:00,703 INFO o.a.j.t.JMeterThread: Thread finished: Thread Group 1-22
2026-01-17 00:23:00,736 INFO o.a.j.t.JMeterThread: Thread started: Thread Group 1-23
2026-01-17 00:23:00,741 INFO o.a.j.t.JMeterThread: Thread is done: Thread Group 1-23
2026-01-17 00:23:00,741 INFO o.a.j.t.JMeterThread: Thread finished: Thread Group 1-23
2026-01-17 00:23:00,776 INFO o.a.j.t.JMeterThread: Thread started: Thread Group 1-24
2026-01-17 00:23:00,783 INFO o.a.j.t.JMeterThread: Thread is done: Thread Group 1-24
2026-01-17 00:23:00,783 INFO o.a.j.t.JMeterThread: Thread finished: Thread Group 1-24
2026-01-17 00:23:00,815 INFO o.a.j.t.JMeterThread: Thread started: Thread Group 1-25
2026-01-17 00:23:00,821 INFO o.a.j.t.JMeterThread: Thread is done: Thread Group 1-25
2026-01-17 00:23:00,821 INFO o.a.j.t.JMeterThread: Thread finished: Thread Group 1-25
2026-01-17 00:23:00,821 INFO o.a.j.e.StandardJMeterEngine: Notifying test listeners of end of test
2026-01-17 00:23:00,821 INFO o.a.j.g.u.JMeterMenuBar: setRunning(false, *local*)
2026-01-17 00:23:10,723 INFO o.a.j.e.StandardJMeterEngine: Running the test!
2026-01-17 00:23:10,723 INFO o.a.j.s.SampleEvent: List of sample_variables: []
2026-01-17 00:23:10,723 INFO o.a.j.g.u.JMeterMenuBar: setRunning(true, *local*)
2026-01-17 00:23:10,783 INFO o.a.j.e.StandardJMeterEngine: Starting ThreadGroup: 1 : Thread Group
2026-01-17 00:23:10,783 INFO o.a.j.e.StandardJMeterEngine: Starting 25 threads for group Thread Group.
2026-01-17 00:23:10,783 INFO o.a.j.e.StandardJMeterEngine: Thread will continue on error
2026-01-17 00:23:10,783 INFO o.a.j.t.ThreadGroup: Starting thread group... number=1 threads=25 ramp-up=1 delayedStart=false
2026-01-17 00:23:10,785 INFO o.a.j.t.JMeterThread: Thread started: Thread Group 1-1
2026-01-17 00:23:10,807 INFO o.a.j.t.ThreadGroup: Started thread group number 1
2026-01-17 00:23:10,807 INFO o.a.j.e.StandardJMeterEngine: All thread groups have been started
2026-01-17 00:23:10,819 INFO o.a.j.t.JMeterThread: Thread is done: Thread Group 1-1
2026-01-17 00:23:10,820 INFO o.a.j.t.JMeterThread: Thread finished: Thread Group 1-1
2026-01-17 00:23:10,825 INFO o.a.j.t.JMeterThread: Thread started: Thread Group 1-2
2026-01-17 00:23:10,857 INFO o.a.j.t.JMeterThread: Thread is done: Thread Group 1-2
2026-01-17 00:23:10,858 INFO o.a.j.t.JMeterThread: Thread finished: Thread Group 1-2
2026-01-17 00:23:10,865 INFO o.a.j.t.JMeterThread: Thread started: Thread Group 1-3
2026-01-17 00:23:10,869 INFO o.a.j.t.JMeterThread: Thread is done: Thread Group 1-3
2026-01-17 00:23:10,869 INFO o.a.j.t.JMeterThread: Thread finished: Thread Group 1-3
2026-01-17 00:23:10,906 INFO o.a.j.t.JMeterThread: Thread started: Thread Group 1-4
2026-01-17 00:23:10,910 INFO o.a.j.t.JMeterThread: Thread is done: Thread Group 1-4
2026-01-17 00:23:10,911 INFO o.a.j.t.JMeterThread: Thread finished: Thread Group 1-4
2026-01-17 00:23:10,946 INFO o.a.j.t.JMeterThread: Thread started: Thread Group 1-5
2026-01-17 00:23:10,953 INFO o.a.j.t.JMeterThread: Thread is done: Thread Group 1-5
2026-01-17 00:23:10,953 INFO o.a.j.t.JMeterThread: Thread finished: Thread Group 1-5
2026-01-17 00:23:10,985 INFO o.a.j.t.JMeterThread: Thread started: Thread Group 1-6
2026-01-17 00:23:10,990 INFO o.a.j.t.JMeterThread: Thread is done: Thread Group 1-6
2026-01-17 00:23:10,999 INFO o.a.j.t.JMeterThread: Thread finished: Thread Group 1-6
2026-01-17 00:23:11,025 INFO o.a.j.t.JMeterThread: Thread started: Thread Group 1-7
2026-01-17 00:23:11,029 INFO o.a.j.t.JMeterThread: Thread is done: Thread Group 1-7
2026-01-17 00:23:11,029 INFO o.a.j.t.JMeterThread: Thread finished: Thread Group 1-7
2026-01-17 00:23:11,065 INFO o.a.j.t.JMeterThread: Thread started: Thread Group 1-8
2026-01-17 00:23:11,072 INFO o.a.j.t.JMeterThread: Thread is done: Thread Group 1-8
2026-01-17 00:23:11,073 INFO o.a.j.t.JMeterThread: Thread finished: Thread Group 1-8
2026-01-17 00:23:11,105 INFO o.a.j.t.JMeterThread: Thread started: Thread Group 1-9
2026-01-17 00:23:11,110 INFO o.a.j.t.JMeterThread: Thread is done: Thread Group 1-9
2026-01-17 00:23:11,110 INFO o.a.j.t.JMeterThread: Thread finished: Thread Group 1-9
2026-01-17 00:23:11,145 INFO o.a.j.t.JMeterThread: Thread started: Thread Group 1-10
2026-01-17 00:23:11,149 INFO o.a.j.t.JMeterThread: Thread is done: Thread Group 1-10
2026-01-17 00:23:11,149 INFO o.a.j.t.JMeterThread: Thread finished: Thread Group 1-10
2026-01-17 00:23:11,185 INFO o.a.j.t.JMeterThread: Thread started: Thread Group 1-11
2026-01-17 00:23:11,191 INFO o.a.j.t.JMeterThread: Thread is done: Thread Group 1-11
2026-01-17 00:23:11,191 INFO o.a.j.t.JMeterThread: Thread finished: Thread Group 1-11
2026-01-17 00:23:11,225 INFO o.a.j.t.JMeterThread: Thread started: Thread Group 1-12
2026-01-17 00:23:11,230 INFO o.a.j.t.JMeterThread: Thread is done: Thread Group 1-12
2026-01-17 00:23:11,230 INFO o.a.j.t.JMeterThread: Thread finished: Thread Group 1-12
2026-01-17 00:23:11,266 INFO o.a.j.t.JMeterThread: Thread started: Thread Group 1-13
2026-01-17 00:23:11,271 INFO o.a.j.t.JMeterThread: Thread is done: Thread Group 1-13
2026-01-17 00:23:11,271 INFO o.a.j.t.JMeterThread: Thread finished: Thread Group 1-13
2026-01-17 00:23:11,306 INFO o.a.j.t.JMeterThread: Thread started: Thread Group 1-14
2026-01-17 00:23:11,310 INFO o.a.j.t.JMeterThread: Thread is done: Thread Group 1-14
2026-01-17 00:23:11,310 INFO o.a.j.t.JMeterThread: Thread finished: Thread Group 1-14
2026-01-17 00:23:11,345 INFO o.a.j.t.JMeterThread: Thread started: Thread Group 1-15
2026-01-17 00:23:11,349 INFO o.a.j.t.JMeterThread: Thread is done: Thread Group 1-15
2026-01-17 00:23:11,349 INFO o.a.j.t.JMeterThread: Thread finished: Thread Group 1-15
2026-01-17 00:23:11,385 INFO o.a.j.t.JMeterThread: Thread started: Thread Group 1-16
2026-01-17 00:23:11,389 INFO o.a.j.t.JMeterThread: Thread is done: Thread Group 1-16
2026-01-17 00:23:11,389 INFO o.a.j.t.JMeterThread: Thread finished: Thread Group 1-16
2026-01-17 00:23:11,425 INFO o.a.j.t.JMeterThread: Thread started: Thread Group 1-17
2026-01-17 00:23:11,429 INFO o.a.j.t.JMeterThread: Thread is done: Thread Group 1-17
2026-01-17 00:23:11,429 INFO o.a.j.t.JMeterThread: Thread finished: Thread Group 1-17
2026-01-17 00:23:11,465 INFO o.a.j.t.JMeterThread: Thread started: Thread Group 1-18
2026-01-17 00:23:11,469 INFO o.a.j.t.JMeterThread: Thread is done: Thread Group 1-18
2026-01-17 00:23:11,469 INFO o.a.j.t.JMeterThread: Thread finished: Thread Group 1-18
2026-01-17 00:23:11,506 INFO o.a.j.t.JMeterThread: Thread started: Thread Group 1-19
2026-01-17 00:23:11,512 INFO o.a.j.t.JMeterThread: Thread is done: Thread Group 1-19
2026-01-17 00:23:11,512 INFO o.a.j.t.JMeterThread: Thread finished: Thread Group 1-19
2026-01-17 00:23:11,545 INFO o.a.j.t.JMeterThread: Thread started: Thread Group 1-20
2026-01-17 00:23:11,552 INFO o.a.j.t.JMeterThread: Thread is done: Thread Group 1-20
2026-01-17 00:23:11,552 INFO o.a.j.t.JMeterThread: Thread finished: Thread Group 1-20
2026-01-17 00:23:11,586 INFO o.a.j.t.JMeterThread: Thread started: Thread Group 1-21
2026-01-17 00:23:11,593 INFO o.a.j.t.JMeterThread: Thread is done: Thread Group 1-21
2026-01-17 00:23:11,593 INFO o.a.j.t.JMeterThread: Thread finished: Thread Group 1-21
2026-01-17 00:23:11,626 INFO o.a.j.t.JMeterThread: Thread started: Thread Group 1-22
2026-01-17 00:23:11,632 INFO o.a.j.t.JMeterThread: Thread is done: Thread Group 1-22
2026-01-17 00:23:11,632 INFO o.a.j.t.JMeterThread: Thread finished: Thread Group 1-22
2026-01-17 00:23:11,667 INFO o.a.j.t.JMeterThread: Thread started: Thread Group 1-23
2026-01-17 00:23:11,674 INFO o.a.j.t.JMeterThread: Thread is done: Thread Group 1-23
2026-01-17 00:23:11,674 INFO o.a.j.t.JMeterThread: Thread finished: Thread Group 1-23
2026-01-17 00:23:11,707 INFO o.a.j.t.JMeterThread: Thread started: Thread Group 1-24
2026-01-17 00:23:11,713 INFO o.a.j.t.JMeterThread: Thread is done: Thread Group 1-24
2026-01-17 00:23:11,713 INFO o.a.j.t.JMeterThread: Thread finished: Thread Group 1-24
2026-01-17 00:23:11,746 INFO o.a.j.t.JMeterThread: Thread started: Thread Group 1-25
2026-01-17 00:23:11,753 INFO o.a.j.t.JMeterThread: Thread is done: Thread Group 1-25
2026-01-17 00:23:11,753 INFO o.a.j.t.JMeterThread: Thread finished: Thread Group 1-25
2026-01-17 00:23:11,753 INFO o.a.j.e.StandardJMeterEngine: Notifying test listeners of end of test
2026-01-17 00:23:11,754 INFO o.a.j.g.u.JMeterMenuBar: setRunning(false, *local*)
2026-01-17 00:25:38,811 INFO o.a.j.e.StandardJMeterEngine: Running the test!
2026-01-17 00:25:38,811 INFO o.a.j.s.SampleEvent: List of sample_variables: []
2026-01-17 00:25:38,811 INFO o.a.j.g.u.JMeterMenuBar: setRunning(true, *local*)
2026-01-17 00:25:38,881 INFO o.a.j.e.StandardJMeterEngine: Starting ThreadGroup: 1 : Thread Group
2026-01-17 00:25:38,881 INFO o.a.j.e.StandardJMeterEngine: Starting 25 threads for group Thread Group.
2026-01-17 00:25:38,881 INFO o.a.j.e.StandardJMeterEngine: Thread will continue on error
2026-01-17 00:25:38,881 INFO o.a.j.t.ThreadGroup: Starting thread group... number=1 threads=25 ramp-up=1 delayedStart=false
2026-01-17 00:25:38,882 INFO o.a.j.t.JMeterThread: Thread started: Thread Group 1-1
2026-01-17 00:25:38,899 INFO o.a.j.t.ThreadGroup: Started thread group number 1
2026-01-17 00:25:38,899 INFO o.a.j.e.StandardJMeterEngine: All thread groups have been started
2026-01-17 00:25:38,913 INFO o.a.j.t.JMeterThread: Thread is done: Thread Group 1-1
2026-01-17 00:25:38,913 INFO o.a.j.t.JMeterThread: Thread finished: Thread Group 1-1
2026-01-17 00:25:38,923 INFO o.a.j.t.JMeterThread: Thread started: Thread Group 1-2
2026-01-17 00:25:38,951 INFO o.a.j.t.JMeterThread: Thread is done: Thread Group 1-2
2026-01-17 00:25:38,951 INFO o.a.j.t.JMeterThread: Thread finished: Thread Group 1-2
2026-01-17 00:25:38,963 INFO o.a.j.t.JMeterThread: Thread started: Thread Group 1-3
2026-01-17 00:25:38,968 INFO o.a.j.t.JMeterThread: Thread is done: Thread Group 1-3
2026-01-17 00:25:38,968 INFO o.a.j.t.JMeterThread: Thread finished: Thread Group 1-3
2026-01-17 00:25:39,002 INFO o.a.j.t.JMeterThread: Thread started: Thread Group 1-4
2026-01-17 00:25:39,007 INFO o.a.j.t.JMeterThread: Thread is done: Thread Group 1-4
2026-01-17 00:25:39,007 INFO o.a.j.t.JMeterThread: Thread finished: Thread Group 1-4
2026-01-17 00:25:39,042 INFO o.a.j.t.JMeterThread: Thread started: Thread Group 1-5
2026-01-17 00:25:39,045 INFO o.a.j.t.JMeterThread: Thread is done: Thread Group 1-5
2026-01-17 00:25:39,046 INFO o.a.j.t.JMeterThread: Thread finished: Thread Group 1-5
2026-01-17 00:25:39,082 INFO o.a.j.t.JMeterThread: Thread started: Thread Group 1-6
2026-01-17 00:25:39,086 INFO o.a.j.t.JMeterThread: Thread is done: Thread Group 1-6
2026-01-17 00:25:39,086 INFO o.a.j.t.JMeterThread: Thread finished: Thread Group 1-6
2026-01-17 00:25:39,122 INFO o.a.j.t.JMeterThread: Thread started: Thread Group 1-7
2026-01-17 00:25:39,126 INFO o.a.j.t.JMeterThread: Thread is done: Thread Group 1-7
2026-01-17 00:25:39,126 INFO o.a.j.t.JMeterThread: Thread finished: Thread Group 1-7
2026-01-17 00:25:39,162 INFO o.a.j.t.JMeterThread: Thread started: Thread Group 1-8
2026-01-17 00:25:39,167 INFO o.a.j.t.JMeterThread: Thread is done: Thread Group 1-8
2026-01-17 00:25:39,167 INFO o.a.j.t.JMeterThread: Thread finished: Thread Group 1-8
2026-01-17 00:25:39,202 INFO o.a.j.t.JMeterThread: Thread started: Thread Group 1-9
2026-01-17 00:25:39,207 INFO o.a.j.t.JMeterThread: Thread is done: Thread Group 1-9
2026-01-17 00:25:39,207 INFO o.a.j.t.JMeterThread: Thread finished: Thread Group 1-9
2026-01-17 00:25:39,242 INFO o.a.j.t.JMeterThread: Thread started: Thread Group 1-10
2026-01-17 00:25:39,248 INFO o.a.j.t.JMeterThread: Thread is done: Thread Group 1-10
2026-01-17 00:25:39,248 INFO o.a.j.t.JMeterThread: Thread finished: Thread Group 1-10
2026-01-17 00:25:39,282 INFO o.a.j.t.JMeterThread: Thread started: Thread Group 1-11
2026-01-17 00:25:39,287 INFO o.a.j.t.JMeterThread: Thread is done: Thread Group 1-11
2026-01-17 00:25:39,287 INFO o.a.j.t.JMeterThread: Thread finished: Thread Group 1-11
2026-01-17 00:25:39,322 INFO o.a.j.t.JMeterThread: Thread started: Thread Group 1-12
2026-01-17 00:25:39,327 INFO o.a.j.t.JMeterThread: Thread is done: Thread Group 1-12
2026-01-17 00:25:39,327 INFO o.a.j.t.JMeterThread: Thread finished: Thread Group 1-12
2026-01-17 00:25:39,362 INFO o.a.j.t.JMeterThread: Thread started: Thread Group 1-13
2026-01-17 00:25:39,366 INFO o.a.j.t.JMeterThread: Thread is done: Thread Group 1-13
2026-01-17 00:25:39,366 INFO o.a.j.t.JMeterThread: Thread finished: Thread Group 1-13
2026-01-17 00:25:39,402 INFO o.a.j.t.JMeterThread: Thread started: Thread Group 1-14
2026-01-17 00:25:39,408 INFO o.a.j.t.JMeterThread: Thread is done: Thread Group 1-14
2026-01-17 00:25:39,409 INFO o.a.j.t.JMeterThread: Thread finished: Thread Group 1-14
2026-01-17 00:25:39,443 INFO o.a.j.t.JMeterThread: Thread started: Thread Group 1-15
2026-01-17 00:25:39,448 INFO o.a.j.t.JMeterThread: Thread is done: Thread Group 1-15
2026-01-17 00:25:39,448 INFO o.a.j.t.JMeterThread: Thread finished: Thread Group 1-15
2026-01-17 00:25:39,482 INFO o.a.j.t.JMeterThread: Thread started: Thread Group 1-16
2026-01-17 00:25:39,486 INFO o.a.j.t.JMeterThread: Thread is done: Thread Group 1-16
2026-01-17 00:25:39,487 INFO o.a.j.t.JMeterThread: Thread finished: Thread Group 1-16
2026-01-17 00:25:39,522 INFO o.a.j.t.JMeterThread: Thread started: Thread Group 1-17
2026-01-17 00:25:39,528 INFO o.a.j.t.JMeterThread: Thread is done: Thread Group 1-17
2026-01-17 00:25:39,528 INFO o.a.j.t.JMeterThread: Thread finished: Thread Group 1-17
2026-01-17 00:25:39,562 INFO o.a.j.t.JMeterThread: Thread started: Thread Group 1-18
2026-01-17 00:25:39,567 INFO o.a.j.t.JMeterThread: Thread is done: Thread Group 1-18
2026-01-17 00:25:39,567 INFO o.a.j.t.JMeterThread: Thread finished: Thread Group 1-18
2026-01-17 00:25:39,603 INFO o.a.j.t.JMeterThread: Thread started: Thread Group 1-19
2026-01-17 00:25:39,608 INFO o.a.j.t.JMeterThread: Thread is done: Thread Group 1-19
2026-01-17 00:25:39,608 INFO o.a.j.t.JMeterThread: Thread finished: Thread Group 1-19
2026-01-17 00:25:39,643 INFO o.a.j.t.JMeterThread: Thread started: Thread Group 1-20
2026-01-17 00:25:39,648 INFO o.a.j.t.JMeterThread: Thread is done: Thread Group 1-20
2026-01-17 00:25:39,648 INFO o.a.j.t.JMeterThread: Thread finished: Thread Group 1-20
2026-01-17 00:25:39,684 INFO o.a.j.t.JMeterThread: Thread started: Thread Group 1-21
2026-01-17 00:25:39,691 INFO o.a.j.t.JMeterThread: Thread is done: Thread Group 1-21
2026-01-17 00:25:39,692 INFO o.a.j.t.JMeterThread: Thread finished: Thread Group 1-21
2026-01-17 00:25:39,723 INFO o.a.j.t.JMeterThread: Thread started: Thread Group 1-22
2026-01-17 00:25:39,728 INFO o.a.j.t.JMeterThread: Thread is done: Thread Group 1-22
2026-01-17 00:25:39,728 INFO o.a.j.t.JMeterThread: Thread finished: Thread Group 1-22
2026-01-17 00:25:39,761 INFO o.a.j.t.JMeterThread: Thread started: Thread Group 1-23
2026-01-17 00:25:39,768 INFO o.a.j.t.JMeterThread: Thread is done: Thread Group 1-23
2026-01-17 00:25:39,768 INFO o.a.j.t.JMeterThread: Thread finished: Thread Group 1-23
2026-01-17 00:25:39,803 INFO o.a.j.t.JMeterThread: Thread started: Thread Group 1-24
2026-01-17 00:25:39,810 INFO o.a.j.t.JMeterThread: Thread is done: Thread Group 1-24
2026-01-17 00:25:39,810 INFO o.a.j.t.JMeterThread: Thread finished: Thread Group 1-24
2026-01-17 00:25:39,842 INFO o.a.j.t.JMeterThread: Thread started: Thread Group 1-25
2026-01-17 00:25:39,850 INFO o.a.j.t.JMeterThread: Thread is done: Thread Group 1-25
2026-01-17 00:25:39,850 INFO o.a.j.t.JMeterThread: Thread finished: Thread Group 1-25
2026-01-17 00:25:39,851 INFO o.a.j.e.StandardJMeterEngine: Notifying test listeners of end of test
2026-01-17 00:25:39,851 INFO o.a.j.g.u.JMeterMenuBar: setRunning(false, *local*)
